#
# A fatal error has been detected by the Java Runtime Environment:
#
#  SIGSEGV (0xb) at pc=0x000000012e5ef57e, pid=988, tid=3331
#
# JRE version: Java(TM) SE Runtime Environment (8.0_65-b17) (build 1.8.0_65-b17)
# Java VM: Java HotSpot(TM) 64-Bit Server VM (25.65-b01 mixed mode bsd-amd64 compressed oops)
# Problematic frame:
# C  [libtesseract.dylib+0x1657e]  _ZN9tesseract9Tesseract15recog_all_wordsEP8PAGE_RESP10ETEXT_DESCPK4TBOXPKci+0xbe
#
# Failed to write core dump. Core dumps have been disabled. To enable core dumping, try "ulimit -c unlimited" before starting Java again
#
# If you would like to submit a bug report, please visit:
#   http://bugreport.java.com/bugreport/crash.jsp
# The crash happened outside the Java Virtual Machine in native code.
# See problematic frame for where to report the bug.
#

---------------  T H R E A D  ---------------

Current thread (0x00007fa7aa012800):  JavaThread "main" [_thread_in_native, id=3331, stack(0x0000000110141000,0x0000000110241000)]

siginfo: si_signo: 11 (SIGSEGV), si_code: 1 (SEGV_MAPERR), si_addr: 0x000000000000000c

Registers:
RAX=0x0000000000000000, RBX=0x0000000000000000, RCX=0x0000000000000000, RDX=0x0000000000000000
RSP=0x000000011023f420, RBP=0x000000011023f5b0, RSI=0x0000000000000000, RDI=0x000000011023f568
R8 =0x0000000000000000, R9 =0x0000000000000000, R10=0x0000000000000001, R11=0x00007fa7ac400000
R12=0x00007fa7abb0ba00, R13=0x00007fa7abb0ba00, R14=0x0000000000000000, R15=0x00007fa7ac330340
RIP=0x000000012e5ef57e, EFLAGS=0x0000000000010246, ERR=0x0000000000000004
  TRAPNO=0x000000000000000e

Top of Stack: (sp=0x000000011023f420)
0x000000011023f420:   00007fa7ac340048 00000000ac33ffd0
0x000000011023f430:   0000000000000000 0000000000000000
0x000000011023f440:   0000000110230000 00007fa7ac33f620
0x000000011023f450:   00007fa7ac302801 00007fa7ac40cdd0
0x000000011023f460:   00007fa7a9f76748 00007fa7ac340020
0x000000011023f470:   0000000000000000 00007fa7a9f76c30
0x000000011023f480:   000000011023f500 000000012e74d527
0x000000011023f490:   00007fa7ac330340 0000000000000000
0x000000011023f4a0:   0000000000000000 0000000000000000
0x000000011023f4b0:   00007fa7a9f76c60 00007fa7a9f76c30
0x000000011023f4c0:   00007fa7a9f76720 00007fa7a9f76ef0
0x000000011023f4d0:   00007fa7a9f76c30 00007fa7a9f76720
0x000000011023f4e0:   00007fa7ac330348 00007fa7a9f76720
0x000000011023f4f0:   00007fa7a9f76720 00007fa7a9f76720
0x000000011023f500:   0000000110230000 00007fa7a9f76720
0x000000011023f510:   0000000000000000 00007fa7a9f76748
0x000000011023f520:   00007fa7ac40cdd0 00007fa7a9f76c30
0x000000011023f530:   00007fa7a9f7b290 00007fa7abb00000
0x000000011023f540:   00007fa7a9f76c30 0000000000000000
0x000000011023f550:   00007fa7a9f76c50 00007fa7a9f76ef0
0x000000011023f560:   00007fa7a9f771a0 00007fa7a9f77450
0x000000011023f570:   0000000110230000 00007fa7a9f76c60
0x000000011023f580:   00007fa7abb0ba01 0000000000000001
0x000000011023f590:   00007fa7ac330340 00007fa7abb0ba00
0x000000011023f5a0:   00000000ffffffff 00007fa7a9ce7140
0x000000011023f5b0:   000000011023f620 000000012e5dc56e
0x000000011023f5c0:   000000011023f6b0 00007fff9098eb1d
0x000000011023f5d0:   0000000000000000 000000011023f7a0
0x000000011023f5e0:   0000000000000000 010000011023f7b4
0x000000011023f5f0:   000000011023f7b0 00007fa7a9ce7140
0x000000011023f600:   0000000000000004 0000000000000002
0x000000011023f610:   0000000000000000 0000000000000000 

Instructions: (pc=0x000000012e5ef57e)
0x000000012e5ef55e:   7e 10 89 9d 7c fe ff ff 4c 89 e7 e8 92 cd 0f 00
0x000000012e5ef56e:   eb 1c 89 9d 7c fe ff ff 49 8b 84 24 10 0b 00 00
0x000000012e5ef57e:   80 78 0c 00 74 08 4c 89 e7 e8 34 ce 0f 00 4d 89
0x000000012e5ef58e:   f5 41 83 bc 24 f8 4b 00 00 00 7e 48 31 db 0f 1f 

Register to memory mapping:

RAX=0x0000000000000000 is an unknown value
RBX=0x0000000000000000 is an unknown value
RCX=0x0000000000000000 is an unknown value
RDX=0x0000000000000000 is an unknown value
RSP=0x000000011023f420 is pointing into the stack for thread: 0x00007fa7aa012800
RBP=0x000000011023f5b0 is pointing into the stack for thread: 0x00007fa7aa012800
RSI=0x0000000000000000 is an unknown value
RDI=0x000000011023f568 is pointing into the stack for thread: 0x00007fa7aa012800
R8 =0x0000000000000000 is an unknown value
R9 =0x0000000000000000 is an unknown value
R10=0x0000000000000001 is an unknown value
R11=0x00007fa7ac400000 is an unknown value
R12=0x00007fa7abb0ba00 is an unknown value
R13=0x00007fa7abb0ba00 is an unknown value
R14=0x0000000000000000 is an unknown value
R15=0x00007fa7ac330340 is an unknown value


Stack: [0x0000000110141000,0x0000000110241000],  sp=0x000000011023f420,  free space=1017k
Native frames: (J=compiled Java code, j=interpreted, Vv=VM code, C=native code)
C  [libtesseract.dylib+0x1657e]  _ZN9tesseract9Tesseract15recog_all_wordsEP8PAGE_RESP10ETEXT_DESCPK4TBOXPKci+0xbe
C  [libtesseract.dylib+0x356e]  _ZN9tesseract11TessBaseAPI9RecognizeEP10ETEXT_DESC+0x2ee
C  [libtesseract.dylib+0x47ac]  _ZN9tesseract11TessBaseAPI11GetHOCRTextEi+0x3c
C  [jna4136093478068474099.tmp+0xd94c]  ffi_call_unix64+0x4c
C  0x0000000110240180

Java frames: (J=compiled Java code, j=interpreted, Vv=VM code)
j  com.sun.jna.Native.invokePointer(JI[Ljava/lang/Object;)J+0
j  com.sun.jna.Function.invokePointer(I[Ljava/lang/Object;)Lcom/sun/jna/Pointer;+6
j  com.sun.jna.Function.invoke([Ljava/lang/Object;Ljava/lang/Class;Z)Ljava/lang/Object;+426
j  com.sun.jna.Function.invoke(Ljava/lang/Class;[Ljava/lang/Object;Ljava/util/Map;)Ljava/lang/Object;+262
j  com.sun.jna.Library$Handler.invoke(Ljava/lang/Object;Ljava/lang/reflect/Method;[Ljava/lang/Object;)Ljava/lang/Object;+316
j  com.sun.proxy.$Proxy0.TessBaseAPIGetHOCRText(Lnet/sourceforge/tess4j/ITessAPI$TessBaseAPI;I)Lcom/sun/jna/Pointer;+23
j  net.sourceforge.tess4j.Tesseract.getOCRText(Ljava/lang/String;I)Ljava/lang/String;+46
j  net.sourceforge.tess4j.Tesseract.doOCR(Ljava/util/List;Ljava/lang/String;Ljava/awt/Rectangle;)Ljava/lang/String;+69
j  net.sourceforge.tess4j.Tesseract.doOCR(Ljava/io/File;Ljava/awt/Rectangle;)Ljava/lang/String;+10
j  net.sourceforge.tess4j.Tesseract.doOCR(Ljava/io/File;)Ljava/lang/String;+3
j  TesseractWrapper.doOCR()Ljava/lang/String;+38
j  ImageFormatter.doOCR(Ljava/lang/String;Ljava/lang/String;)Ljava/lang/String;+15
j  ImageFormatter.format(Ljava/lang/String;Ljava/lang/String;Ljava/lang/String;)Ljava/lang/String;+12
j  ColorPalette.main([Ljava/lang/String;)V+29
v  ~StubRoutines::call_stub

---------------  P R O C E S S  ---------------

Java Threads: ( => current thread )
  0x00007fa7ab151000 JavaThread "Java2D Queue Flusher" daemon [_thread_blocked, id=51463, stack(0x000000012d0b1000,0x000000012d1b1000)]
  0x00007fa7aa8b4000 JavaThread "Java2D Disposer" daemon [_thread_blocked, id=49423, stack(0x000000012ce29000,0x000000012cf29000)]
  0x00007fa7aa84e000 JavaThread "AWT-Shutdown" [_thread_blocked, id=28435, stack(0x000000012a432000,0x000000012a532000)]
  0x00007fa7ab89a800 JavaThread "AppKit Thread" daemon [_thread_in_native, id=1811, stack(0x00007fff50348000,0x00007fff50b48000)]
  0x00007fa7ab894000 JavaThread "Service Thread" daemon [_thread_blocked, id=17923, stack(0x00000001287cf000,0x00000001288cf000)]
  0x00007fa7ab008000 JavaThread "C1 CompilerThread2" daemon [_thread_blocked, id=17411, stack(0x00000001286cc000,0x00000001287cc000)]
  0x00007fa7ab007800 JavaThread "C2 CompilerThread1" daemon [_thread_blocked, id=16899, stack(0x00000001285c9000,0x00000001286c9000)]
  0x00007fa7ab006000 JavaThread "C2 CompilerThread0" daemon [_thread_blocked, id=16387, stack(0x00000001284c6000,0x00000001285c6000)]
  0x00007fa7aa041000 JavaThread "Signal Dispatcher" daemon [_thread_blocked, id=15635, stack(0x00000001283c3000,0x00000001284c3000)]
  0x00007fa7ab838800 JavaThread "Finalizer" daemon [_thread_blocked, id=11011, stack(0x0000000126a2a000,0x0000000126b2a000)]
  0x00007fa7ab832000 JavaThread "Reference Handler" daemon [_thread_blocked, id=10499, stack(0x0000000126927000,0x0000000126a27000)]
=>0x00007fa7aa012800 JavaThread "main" [_thread_in_native, id=3331, stack(0x0000000110141000,0x0000000110241000)]

Other Threads:
  0x00007fa7ab82f800 VMThread [stack: 0x0000000126824000,0x0000000126924000] [id=9987]
  0x00007fa7aa829000 WatcherThread [stack: 0x00000001288d2000,0x00000001289d2000] [id=18435]

VM state:not at safepoint (normal execution)

VM Mutex/Monitor currently owned by a thread: None

Heap:
 PSYoungGen      total 187904K, used 80535K [0x0000000795580000, 0x00000007a1d80000, 0x00000007c0000000)
  eden space 187392K, 42% used [0x0000000795580000,0x000000079a4084b8,0x00000007a0c80000)
  from space 512K, 23% used [0x00000007a1d00000,0x00000007a1d1db40,0x00000007a1d80000)
  to   space 2560K, 0% used [0x00000007a1880000,0x00000007a1880000,0x00000007a1b00000)
 ParOldGen       total 159744K, used 42534K [0x0000000740000000, 0x0000000749c00000, 0x0000000795580000)
  object space 159744K, 26% used [0x0000000740000000,0x0000000742989ba0,0x0000000749c00000)
 Metaspace       used 9509K, capacity 9726K, committed 9984K, reserved 1058816K
  class space    used 1122K, capacity 1215K, committed 1280K, reserved 1048576K

Card table byte_map: [0x000000011ffc0000,0x00000001203c1000] byte_map_base: 0x000000011c5c0000

Marking Bits: (ParMarkBitMap*) 0x000000010fa95e20
 Begin Bits: [0x0000000120975000, 0x0000000122975000)
 End Bits:   [0x0000000122975000, 0x0000000124975000)

Polling page: 0x0000000110286000

CodeCache: size=245760Kb used=3800Kb max_used=3808Kb free=241959Kb
 bounds [0x0000000110c00000, 0x0000000110fc0000, 0x000000011fc00000]
 total_blobs=1318 nmethods=883 adapters=349
 compilation: enabled

Compilation events (10 events):
Event: 2.147 Thread 0x00007fa7ab007800  879       4       java.lang.Math::min (12 bytes)
Event: 2.147 Thread 0x00007fa7ab007800 nmethod 879 0x0000000110fa7dd0 code [0x0000000110fa7f20, 0x0000000110fa7f98]
Event: 2.147 Thread 0x00007fa7ab007800  880       4       java.io.RandomAccessFile::readFully (45 bytes)
Event: 2.148 Thread 0x00007fa7ab007800 nmethod 880 0x0000000110fa8d90 code [0x0000000110fa8ee0, 0x0000000110fa8fa8]
Event: 2.148 Thread 0x00007fa7ab007800  881  s    4       java.io.ByteArrayOutputStream::write (66 bytes)
Event: 2.151 Thread 0x00007fa7ab007800 nmethod 881 0x0000000110fabb10 code [0x0000000110fabc80, 0x0000000110fac168]
Event: 2.220 Thread 0x00007fa7ab008000  882       3       sun.reflect.ClassFileAssembler::emitShort (24 bytes)
Event: 2.220 Thread 0x00007fa7ab008000 nmethod 882 0x0000000110fab450 code [0x0000000110fab5e0, 0x0000000110fab938]
Event: 2.233 Thread 0x00007fa7ab008000  883       3       java.lang.reflect.Method::<init> (68 bytes)
Event: 2.233 Thread 0x00007fa7ab008000 nmethod 883 0x0000000110faadd0 code [0x0000000110faaf40, 0x0000000110fab2b0]

GC Heap History (10 events):
Event: 1.244 GC heap before
{Heap before GC invocations=5 (full 1):
 PSYoungGen      total 71680K, used 54159K [0x0000000795580000, 0x000000079d680000, 0x00000007c0000000)
  eden space 66560K, 81% used [0x0000000795580000,0x0000000798a63e58,0x0000000799680000)
  from space 5120K, 0% used [0x0000000799680000,0x0000000799680000,0x0000000799b80000)
  to   space 5120K, 0% used [0x000000079d180000,0x000000079d180000,0x000000079d680000)
 ParOldGen       total 113152K, used 27337K [0x0000000740000000, 0x0000000746e80000, 0x0000000795580000)
  object space 113152K, 24% used [0x0000000740000000,0x0000000741ab2778,0x0000000746e80000)
 Metaspace       used 7685K, capacity 7826K, committed 7936K, reserved 1056768K
  class space    used 921K, capacity 989K, committed 1024K, reserved 1048576K
Event: 1.251 GC heap after
Heap after GC invocations=5 (full 1):
 PSYoungGen      total 125952K, used 192K [0x0000000795580000, 0x000000079d600000, 0x00000007c0000000)
  eden space 121344K, 0% used [0x0000000795580000,0x0000000795580000,0x000000079cc00000)
  from space 4608K, 4% used [0x000000079d180000,0x000000079d1b0000,0x000000079d600000)
  to   space 5120K, 0% used [0x000000079cc00000,0x000000079cc00000,0x000000079d100000)
 ParOldGen       total 113152K, used 72654K [0x0000000740000000, 0x0000000746e80000, 0x0000000795580000)
  object space 113152K, 64% used [0x0000000740000000,0x00000007446f3bb8,0x0000000746e80000)
 Metaspace       used 7685K, capacity 7826K, committed 7936K, reserved 1056768K
  class space    used 921K, capacity 989K, committed 1024K, reserved 1048576K
}
Event: 1.251 GC heap before
{Heap before GC invocations=6 (full 2):
 PSYoungGen      total 125952K, used 192K [0x0000000795580000, 0x000000079d600000, 0x00000007c0000000)
  eden space 121344K, 0% used [0x0000000795580000,0x0000000795580000,0x000000079cc00000)
  from space 4608K, 4% used [0x000000079d180000,0x000000079d1b0000,0x000000079d600000)
  to   space 5120K, 0% used [0x000000079cc00000,0x000000079cc00000,0x000000079d100000)
 ParOldGen       total 113152K, used 72654K [0x0000000740000000, 0x0000000746e80000, 0x0000000795580000)
  object space 113152K, 64% used [0x0000000740000000,0x00000007446f3bb8,0x0000000746e80000)
 Metaspace       used 7685K, capacity 7826K, committed 7936K, reserved 1056768K
  class space    used 921K, capacity 989K, committed 1024K, reserved 1048576K
Event: 1.264 GC heap after
Heap after GC invocations=6 (full 2):
 PSYoungGen      total 125952K, used 0K [0x0000000795580000, 0x000000079d600000, 0x00000007c0000000)
  eden space 121344K, 0% used [0x0000000795580000,0x0000000795580000,0x000000079cc00000)
  from space 4608K, 0% used [0x000000079d180000,0x000000079d180000,0x000000079d600000)
  to   space 5120K, 0% used [0x000000079cc00000,0x000000079cc00000,0x000000079d100000)
 ParOldGen       total 124928K, used 27422K [0x0000000740000000, 0x0000000747a00000, 0x0000000795580000)
  object space 124928K, 21% used [0x0000000740000000,0x0000000741ac7a40,0x0000000747a00000)
 Metaspace       used 7685K, capacity 7826K, committed 7936K, reserved 1056768K
  class space    used 921K, capacity 989K, committed 1024K, reserved 1048576K
}
Event: 1.481 GC heap before
{Heap before GC invocations=7 (full 2):
 PSYoungGen      total 125952K, used 121344K [0x0000000795580000, 0x000000079d600000, 0x00000007c0000000)
  eden space 121344K, 100% used [0x0000000795580000,0x000000079cc00000,0x000000079cc00000)
  from space 4608K, 0% used [0x000000079d180000,0x000000079d180000,0x000000079d600000)
  to   space 5120K, 0% used [0x000000079cc00000,0x000000079cc00000,0x000000079d100000)
 ParOldGen       total 124928K, used 27422K [0x0000000740000000, 0x0000000747a00000, 0x0000000795580000)
  object space 124928K, 21% used [0x0000000740000000,0x0000000741ac7a40,0x0000000747a00000)
 Metaspace       used 7695K, capacity 7826K, committed 7936K, reserved 1056768K
  class space    used 921K, capacity 989K, committed 1024K, reserved 1048576K
Event: 1.489 GC heap after
Heap after GC invocations=7 (full 2):
 PSYoungGen      total 126464K, used 64K [0x0000000795580000, 0x00000007a1f80000, 0x00000007c0000000)
  eden space 121344K, 0% used [0x0000000795580000,0x0000000795580000,0x000000079cc00000)
  from space 5120K, 1% used [0x000000079cc00000,0x000000079cc10000,0x000000079d100000)
  to   space 2560K, 0% used [0x00000007a1d00000,0x00000007a1d00000,0x00000007a1f80000)
 ParOldGen       total 124928K, used 72739K [0x0000000740000000, 0x0000000747a00000, 0x0000000795580000)
  object space 124928K, 58% used [0x0000000740000000,0x0000000744708e80,0x0000000747a00000)
 Metaspace       used 7695K, capacity 7826K, committed 7936K, reserved 1056768K
  class space    used 921K, capacity 989K, committed 1024K, reserved 1048576K
}
Event: 1.489 GC heap before
{Heap before GC invocations=8 (full 3):
 PSYoungGen      total 126464K, used 64K [0x0000000795580000, 0x00000007a1f80000, 0x00000007c0000000)
  eden space 121344K, 0% used [0x0000000795580000,0x0000000795580000,0x000000079cc00000)
  from space 5120K, 1% used [0x000000079cc00000,0x000000079cc10000,0x000000079d100000)
  to   space 2560K, 0% used [0x00000007a1d00000,0x00000007a1d00000,0x00000007a1f80000)
 ParOldGen       total 124928K, used 72739K [0x0000000740000000, 0x0000000747a00000, 0x0000000795580000)
  object space 124928K, 58% used [0x0000000740000000,0x0000000744708e80,0x0000000747a00000)
 Metaspace       used 7695K, capacity 7826K, committed 7936K, reserved 1056768K
  class space    used 921K, capacity 989K, committed 1024K, reserved 1048576K
Event: 1.504 GC heap after
Heap after GC invocations=8 (full 3):
 PSYoungGen      total 126464K, used 0K [0x0000000795580000, 0x00000007a1f80000, 0x00000007c0000000)
  eden space 121344K, 0% used [0x0000000795580000,0x0000000795580000,0x000000079cc00000)
  from space 5120K, 0% used [0x000000079cc00000,0x000000079cc00000,0x000000079d100000)
  to   space 2560K, 0% used [0x00000007a1d00000,0x00000007a1d00000,0x00000007a1f80000)
 ParOldGen       total 159744K, used 42526K [0x0000000740000000, 0x0000000749c00000, 0x0000000795580000)
  object space 159744K, 26% used [0x0000000740000000,0x0000000742987ba0,0x0000000749c00000)
 Metaspace       used 7695K, capacity 7826K, committed 7936K, reserved 1056768K
  class space    used 921K, capacity 989K, committed 1024K, reserved 1048576K
}
Event: 1.873 GC heap before
{Heap before GC invocations=9 (full 3):
 PSYoungGen      total 126464K, used 121344K [0x0000000795580000, 0x00000007a1f80000, 0x00000007c0000000)
  eden space 121344K, 100% used [0x0000000795580000,0x000000079cc00000,0x000000079cc00000)
  from space 5120K, 0% used [0x000000079cc00000,0x000000079cc00000,0x000000079d100000)
  to   space 2560K, 0% used [0x00000007a1d00000,0x00000007a1d00000,0x00000007a1f80000)
 ParOldGen       total 159744K, used 42526K [0x0000000740000000, 0x0000000749c00000, 0x0000000795580000)
  object space 159744K, 26% used [0x0000000740000000,0x0000000742987ba0,0x0000000749c00000)
 Metaspace       used 7776K, capacity 7890K, committed 7936K, reserved 1056768K
  class space    used 930K, capacity 989K, committed 1024K, reserved 1048576K
Event: 1.886 GC heap after
Heap after GC invocations=9 (full 3):
 PSYoungGen      total 187904K, used 118K [0x0000000795580000, 0x00000007a1d80000, 0x00000007c0000000)
  eden space 187392K, 0% used [0x0000000795580000,0x0000000795580000,0x00000007a0c80000)
  from space 512K, 23% used [0x00000007a1d00000,0x00000007a1d1db40,0x00000007a1d80000)
  to   space 2560K, 0% used [0x00000007a1880000,0x00000007a1880000,0x00000007a1b00000)
 ParOldGen       total 159744K, used 42534K [0x0000000740000000, 0x0000000749c00000, 0x0000000795580000)
  object space 159744K, 26% used [0x0000000740000000,0x0000000742989ba0,0x0000000749c00000)
 Metaspace       used 7776K, capacity 7890K, committed 7936K, reserved 1056768K
  class space    used 930K, capacity 989K, committed 1024K, reserved 1048576K
}

Deoptimization events (10 events):
Event: 1.266 Thread 0x00007fa7aa012800 Uncommon trap: reason=class_check action=maybe_recompile pc=0x0000000110e9500c method=java.awt.image.BufferedImage.getRGB(II)I @ 11
Event: 1.266 Thread 0x00007fa7aa012800 Uncommon trap: reason=class_check action=maybe_recompile pc=0x0000000110e9500c method=java.awt.image.BufferedImage.getRGB(II)I @ 11
Event: 1.622 Thread 0x00007fa7aa012800 Uncommon trap: reason=unstable_if action=reinterpret pc=0x0000000110e21e80 method=com.sun.media.imageio.plugins.tiff.TIFFDirectory.getTIFFField(I)Lcom/sun/media/imageio/plugins/tiff/TIFFField; @ 8
Event: 1.933 Thread 0x00007fa7aa012800 Uncommon trap: reason=unstable_if action=reinterpret pc=0x0000000110d8f71c method=java.lang.String.replace(CC)Ljava/lang/String; @ 26
Event: 1.990 Thread 0x00007fa7aa012800 Uncommon trap: reason=unstable_if action=reinterpret pc=0x0000000110d9cd0c method=java.lang.String.indexOf([CII[CIII)I @ 3
Event: 2.003 Thread 0x00007fa7aa012800 Uncommon trap: reason=unstable_if action=reinterpret pc=0x0000000110e1d288 method=com.sun.media.imageio.plugins.tiff.TIFFDirectory.getTIFFField(I)Lcom/sun/media/imageio/plugins/tiff/TIFFField; @ 8
Event: 2.006 Thread 0x00007fa7aa012800 Uncommon trap: reason=unstable_if action=reinterpret pc=0x0000000110e68f70 method=sun.awt.image.ByteComponentRaster.verify()V @ 269
Event: 2.059 Thread 0x00007fa7aa012800 Uncommon trap: reason=unstable_if action=reinterpret pc=0x0000000110f28a64 method=java.util.Vector.ensureCapacityHelper(I)V @ 7
Event: 2.097 Thread 0x00007fa7aa012800 Uncommon trap: reason=unstable_if action=reinterpret pc=0x0000000110db33a4 method=sun.nio.cs.UTF_8$Encoder.encode([CII[B)I @ 33
Event: 2.172 Thread 0x00007fa7aa012800 Uncommon trap: reason=unstable_if action=reinterpret pc=0x0000000110fa7f68 method=java.lang.Math.min(JJ)J @ 3

Internal exceptions (10 events):
Event: 0.487 Thread 0x00007fa7aa012800 Exception <a 'java/security/PrivilegedActionException'> (0x0000000795975968) thrown at [/Users/java_re/workspace/8-2-build-macosx-x86_64/jdk8u65/4987/hotspot/src/share/vm/prims/jvm.cpp, line 1386]
Event: 0.488 Thread 0x00007fa7aa012800 Exception <a 'java/security/PrivilegedActionException'> (0x0000000795976758) thrown at [/Users/java_re/workspace/8-2-build-macosx-x86_64/jdk8u65/4987/hotspot/src/share/vm/prims/jvm.cpp, line 1386]
Event: 0.488 Thread 0x00007fa7aa012800 Exception <a 'java/security/PrivilegedActionException'> (0x0000000795976968) thrown at [/Users/java_re/workspace/8-2-build-macosx-x86_64/jdk8u65/4987/hotspot/src/share/vm/prims/jvm.cpp, line 1386]
Event: 0.488 Thread 0x00007fa7aa012800 Exception <a 'java/security/PrivilegedActionException'> (0x0000000795977678) thrown at [/Users/java_re/workspace/8-2-build-macosx-x86_64/jdk8u65/4987/hotspot/src/share/vm/prims/jvm.cpp, line 1386]
Event: 0.488 Thread 0x00007fa7aa012800 Exception <a 'java/security/PrivilegedActionException'> (0x0000000795977888) thrown at [/Users/java_re/workspace/8-2-build-macosx-x86_64/jdk8u65/4987/hotspot/src/share/vm/prims/jvm.cpp, line 1386]
Event: 0.488 Thread 0x00007fa7aa012800 Exception <a 'java/security/PrivilegedActionException'> (0x0000000795978690) thrown at [/Users/java_re/workspace/8-2-build-macosx-x86_64/jdk8u65/4987/hotspot/src/share/vm/prims/jvm.cpp, line 1386]
Event: 0.488 Thread 0x00007fa7aa012800 Exception <a 'java/security/PrivilegedActionException'> (0x00000007959788a0) thrown at [/Users/java_re/workspace/8-2-build-macosx-x86_64/jdk8u65/4987/hotspot/src/share/vm/prims/jvm.cpp, line 1386]
Event: 0.488 Thread 0x00007fa7aa012800 Exception <a 'java/security/PrivilegedActionException'> (0x0000000795979678) thrown at [/Users/java_re/workspace/8-2-build-macosx-x86_64/jdk8u65/4987/hotspot/src/share/vm/prims/jvm.cpp, line 1386]
Event: 0.488 Thread 0x00007fa7aa012800 Exception <a 'java/security/PrivilegedActionException'> (0x0000000795979888) thrown at [/Users/java_re/workspace/8-2-build-macosx-x86_64/jdk8u65/4987/hotspot/src/share/vm/prims/jvm.cpp, line 1386]
Event: 0.496 Thread 0x00007fa7aa012800 Exception <a 'java/lang/NoClassDefFoundError': com/sun/medialib/codec/jiio/Util> (0x00000007959b29e8) thrown at [/Users/java_re/workspace/8-2-build-macosx-x86_64/jdk8u65/4987/hotspot/src/share/vm/classfile/systemDictionary.cpp, line 199]

Events (10 events):
Event: 2.114 loading class com/sun/imageio/stream/StreamCloser$2 done
Event: 2.172 Thread 0x00007fa7aa012800 Uncommon trap: trap_request=0xffffff65 fr.pc=0x0000000110fa7f68
Event: 2.172 Thread 0x00007fa7aa012800 DEOPT PACKING pc=0x0000000110fa7f68 sp=0x00000001102402e0
Event: 2.172 Thread 0x00007fa7aa012800 DEOPT UNPACKING pc=0x0000000110c05229 sp=0x00000001102402a8 mode 2
Event: 2.216 loading class java/nio/DirectByteBuffer$Deallocator
Event: 2.216 loading class java/nio/DirectByteBuffer$Deallocator done
Event: 2.219 loading class java/lang/StrictMath
Event: 2.219 loading class java/lang/StrictMath done
Event: 2.219 loading class com/sun/jna/Native$Buffers
Event: 2.219 loading class com/sun/jna/Native$Buffers done


Dynamic libraries:
0x0000000001ec1000 	/System/Library/Frameworks/Cocoa.framework/Versions/A/Cocoa
0x0000000001ec1000 	/System/Library/Frameworks/Security.framework/Versions/A/Security
0x0000000001ec1000 	/System/Library/Frameworks/ApplicationServices.framework/Versions/A/ApplicationServices
0x0000000001ec1000 	/usr/lib/libz.1.dylib
0x0000000001ec1000 	/usr/lib/libSystem.B.dylib
0x0000000001ec1000 	/usr/lib/libobjc.A.dylib
0x0000000001ec1000 	/System/Library/Frameworks/CoreFoundation.framework/Versions/A/CoreFoundation
0x0000000001ec1000 	/System/Library/Frameworks/Foundation.framework/Versions/C/Foundation
0x0000000001ec1000 	/System/Library/Frameworks/AppKit.framework/Versions/C/AppKit
0x0000000001ec1000 	/System/Library/Frameworks/CoreData.framework/Versions/A/CoreData
0x0000000001ec1000 	/System/Library/PrivateFrameworks/RemoteViewServices.framework/Versions/A/RemoteViewServices
0x0000000001ec1000 	/System/Library/PrivateFrameworks/UIFoundation.framework/Versions/A/UIFoundation
0x0000000001ec1000 	/System/Library/Frameworks/IOSurface.framework/Versions/A/IOSurface
0x0000000001ec1000 	/System/Library/Frameworks/AudioToolbox.framework/Versions/A/AudioToolbox
0x0000000001ec1000 	/System/Library/Frameworks/AudioUnit.framework/Versions/A/AudioUnit
0x0000000001ec1000 	/System/Library/PrivateFrameworks/DataDetectorsCore.framework/Versions/A/DataDetectorsCore
0x0000000001ec1000 	/System/Library/PrivateFrameworks/DesktopServicesPriv.framework/Versions/A/DesktopServicesPriv
0x0000000001ec1000 	/System/Library/Frameworks/Carbon.framework/Versions/A/Frameworks/HIToolbox.framework/Versions/A/HIToolbox
0x0000000001ec1000 	/System/Library/Frameworks/QuartzCore.framework/Versions/A/QuartzCore
0x0000000001ec1000 	/System/Library/Frameworks/Carbon.framework/Versions/A/Frameworks/SpeechRecognition.framework/Versions/A/SpeechRecognition
0x0000000001ec1000 	/usr/lib/libauto.dylib
0x0000000001ec1000 	/usr/lib/libicucore.A.dylib
0x0000000001ec1000 	/usr/lib/libxml2.2.dylib
0x0000000001ec1000 	/System/Library/PrivateFrameworks/CoreUI.framework/Versions/A/CoreUI
0x0000000001ec1000 	/System/Library/Frameworks/CoreAudio.framework/Versions/A/CoreAudio
0x0000000001ec1000 	/System/Library/Frameworks/DiskArbitration.framework/Versions/A/DiskArbitration
0x0000000001ec1000 	/usr/lib/liblangid.dylib
0x0000000001ec1000 	/System/Library/PrivateFrameworks/MultitouchSupport.framework/Versions/A/MultitouchSupport
0x0000000001ec1000 	/System/Library/Frameworks/IOKit.framework/Versions/A/IOKit
0x0000000001ec1000 	/usr/lib/libDiagnosticMessagesClient.dylib
0x0000000001ec1000 	/System/Library/Frameworks/CoreServices.framework/Versions/A/CoreServices
0x0000000001ec1000 	/System/Library/PrivateFrameworks/PerformanceAnalysis.framework/Versions/A/PerformanceAnalysis
0x0000000001ec1000 	/System/Library/PrivateFrameworks/GenerationalStorage.framework/Versions/A/GenerationalStorage
0x0000000001ec1000 	/System/Library/Frameworks/OpenGL.framework/Versions/A/OpenGL
0x0000000001ec1000 	/System/Library/PrivateFrameworks/Sharing.framework/Versions/A/Sharing
0x0000000001ec1000 	/System/Library/Frameworks/CoreGraphics.framework/Versions/A/CoreGraphics
0x0000000001ec1000 	/System/Library/Frameworks/CoreText.framework/Versions/A/CoreText
0x0000000001ec1000 	/System/Library/Frameworks/ImageIO.framework/Versions/A/ImageIO
0x0000000001ec1000 	/usr/lib/libextension.dylib
0x0000000001ec1000 	/System/Library/PrivateFrameworks/Backup.framework/Versions/A/Backup
0x0000000001ec1000 	/usr/lib/libarchive.2.dylib
0x0000000001ec1000 	/System/Library/Frameworks/CFNetwork.framework/Versions/A/CFNetwork
0x0000000001ec1000 	/System/Library/Frameworks/SystemConfiguration.framework/Versions/A/SystemConfiguration
0x0000000001ec1000 	/usr/lib/libCRFSuite.dylib
0x0000000001ec1000 	/usr/lib/libc++.1.dylib
0x0000000001ec1000 	/usr/lib/libc++abi.dylib
0x0000000001ec1000 	/usr/lib/system/libcache.dylib
0x0000000001ec1000 	/usr/lib/system/libcommonCrypto.dylib
0x0000000001ec1000 	/usr/lib/system/libcompiler_rt.dylib
0x0000000001ec1000 	/usr/lib/system/libcopyfile.dylib
0x0000000001ec1000 	/usr/lib/system/libcorecrypto.dylib
0x0000000001ec1000 	/usr/lib/system/libdispatch.dylib
0x0000000001ec1000 	/usr/lib/system/libdyld.dylib
0x0000000001ec1000 	/usr/lib/system/libkeymgr.dylib
0x0000000001ec1000 	/usr/lib/system/liblaunch.dylib
0x0000000001ec1000 	/usr/lib/system/libmacho.dylib
0x0000000001ec1000 	/usr/lib/system/libquarantine.dylib
0x0000000001ec1000 	/usr/lib/system/libremovefile.dylib
0x0000000001ec1000 	/usr/lib/system/libsystem_asl.dylib
0x0000000001ec1000 	/usr/lib/system/libsystem_blocks.dylib
0x0000000001ec1000 	/usr/lib/system/libsystem_c.dylib
0x0000000001ec1000 	/usr/lib/system/libsystem_configuration.dylib
0x0000000001ec1000 	/usr/lib/system/libsystem_coreservices.dylib
0x0000000001ec1000 	/usr/lib/system/libsystem_coretls.dylib
0x0000000001ec1000 	/usr/lib/system/libsystem_dnssd.dylib
0x0000000001ec1000 	/usr/lib/system/libsystem_info.dylib
0x0000000001ec1000 	/usr/lib/system/libsystem_kernel.dylib
0x0000000001ec1000 	/usr/lib/system/libsystem_m.dylib
0x0000000001ec1000 	/usr/lib/system/libsystem_malloc.dylib
0x0000000001ec1000 	/usr/lib/system/libsystem_network.dylib
0x0000000001ec1000 	/usr/lib/system/libsystem_networkextension.dylib
0x0000000001ec1000 	/usr/lib/system/libsystem_notify.dylib
0x0000000001ec1000 	/usr/lib/system/libsystem_platform.dylib
0x0000000001ec1000 	/usr/lib/system/libsystem_pthread.dylib
0x0000000001ec1000 	/usr/lib/system/libsystem_sandbox.dylib
0x0000000001ec1000 	/usr/lib/system/libsystem_secinit.dylib
0x0000000001ec1000 	/usr/lib/system/libsystem_stats.dylib
0x0000000001ec1000 	/usr/lib/system/libsystem_trace.dylib
0x0000000001ec1000 	/usr/lib/system/libunc.dylib
0x0000000001ec1000 	/usr/lib/system/libunwind.dylib
0x0000000001ec1000 	/usr/lib/system/libxpc.dylib
0x0000000001ec1000 	/usr/lib/libbz2.1.0.dylib
0x0000000001ec1000 	/usr/lib/liblzma.5.dylib
0x0000000001ec1000 	/usr/lib/libbsm.0.dylib
0x0000000001ec1000 	/usr/lib/libsqlite3.dylib
0x0000000001ec1000 	/usr/lib/system/libkxld.dylib
0x0000000001ec1000 	/usr/lib/libxar.1.dylib
0x0000000001ec1000 	/usr/lib/libpam.2.dylib
0x0000000001ec1000 	/usr/lib/libOpenScriptingUtil.dylib
0x0000000001ec1000 	/System/Library/Frameworks/CoreServices.framework/Versions/A/Frameworks/FSEvents.framework/Versions/A/FSEvents
0x0000000001ec1000 	/System/Library/Frameworks/CoreServices.framework/Versions/A/Frameworks/CarbonCore.framework/Versions/A/CarbonCore
0x0000000001ec1000 	/System/Library/Frameworks/CoreServices.framework/Versions/A/Frameworks/Metadata.framework/Versions/A/Metadata
0x0000000001ec1000 	/System/Library/Frameworks/CoreServices.framework/Versions/A/Frameworks/OSServices.framework/Versions/A/OSServices
0x0000000001ec1000 	/System/Library/Frameworks/CoreServices.framework/Versions/A/Frameworks/SearchKit.framework/Versions/A/SearchKit
0x0000000001ec1000 	/System/Library/Frameworks/CoreServices.framework/Versions/A/Frameworks/AE.framework/Versions/A/AE
0x0000000001ec1000 	/System/Library/Frameworks/CoreServices.framework/Versions/A/Frameworks/LaunchServices.framework/Versions/A/LaunchServices
0x0000000001ec1000 	/System/Library/Frameworks/CoreServices.framework/Versions/A/Frameworks/DictionaryServices.framework/Versions/A/DictionaryServices
0x0000000001ec1000 	/System/Library/Frameworks/NetFS.framework/Versions/A/NetFS
0x0000000001ec1000 	/System/Library/PrivateFrameworks/NetAuth.framework/Versions/A/NetAuth
0x0000000001ec1000 	/System/Library/PrivateFrameworks/login.framework/Versions/A/Frameworks/loginsupport.framework/Versions/A/loginsupport
0x0000000001ec1000 	/System/Library/PrivateFrameworks/TCC.framework/Versions/A/TCC
0x0000000001ec1000 	/usr/lib/libmecabra.dylib
0x0000000001ec1000 	/System/Library/Frameworks/ApplicationServices.framework/Versions/A/Frameworks/ATS.framework/Versions/A/ATS
0x0000000001ec1000 	/System/Library/Frameworks/ApplicationServices.framework/Versions/A/Frameworks/ColorSync.framework/Versions/A/ColorSync
0x0000000001ec1000 	/System/Library/Frameworks/ApplicationServices.framework/Versions/A/Frameworks/HIServices.framework/Versions/A/HIServices
0x0000000001ec1000 	/System/Library/Frameworks/ApplicationServices.framework/Versions/A/Frameworks/LangAnalysis.framework/Versions/A/LangAnalysis
0x0000000001ec1000 	/System/Library/Frameworks/ApplicationServices.framework/Versions/A/Frameworks/PrintCore.framework/Versions/A/PrintCore
0x0000000001ec1000 	/System/Library/Frameworks/ApplicationServices.framework/Versions/A/Frameworks/QD.framework/Versions/A/QD
0x0000000001ec1000 	/System/Library/Frameworks/ApplicationServices.framework/Versions/A/Frameworks/SpeechSynthesis.framework/Versions/A/SpeechSynthesis
0x0000000001ec1000 	/System/Library/Frameworks/Accelerate.framework/Versions/A/Accelerate
0x0000000001ec1000 	/System/Library/Frameworks/Accelerate.framework/Versions/A/Frameworks/vImage.framework/Versions/A/vImage
0x0000000001ec1000 	/System/Library/Frameworks/Accelerate.framework/Versions/A/Frameworks/vecLib.framework/Versions/A/vecLib
0x0000000001ec1000 	/System/Library/Frameworks/Accelerate.framework/Versions/A/Frameworks/vecLib.framework/Versions/A/libvDSP.dylib
0x0000000001ec1000 	/System/Library/Frameworks/Accelerate.framework/Versions/A/Frameworks/vecLib.framework/Versions/A/libvMisc.dylib
0x0000000001ec1000 	/System/Library/Frameworks/Accelerate.framework/Versions/A/Frameworks/vecLib.framework/Versions/A/libLAPACK.dylib
0x0000000001ec1000 	/System/Library/Frameworks/Accelerate.framework/Versions/A/Frameworks/vecLib.framework/Versions/A/libBLAS.dylib
0x0000000001ec1000 	/System/Library/Frameworks/Accelerate.framework/Versions/A/Frameworks/vecLib.framework/Versions/A/libLinearAlgebra.dylib
0x0000000001ec1000 	/System/Library/Frameworks/ApplicationServices.framework/Versions/A/Frameworks/ATS.framework/Versions/A/Resources/libFontParser.dylib
0x0000000001ec1000 	/System/Library/Frameworks/ApplicationServices.framework/Versions/A/Frameworks/ATS.framework/Versions/A/Resources/libFontRegistry.dylib
0x0000000001ec1000 	/System/Library/PrivateFrameworks/AppleVPA.framework/Versions/A/AppleVPA
0x0000000001ec1000 	/System/Library/PrivateFrameworks/AppleJPEG.framework/Versions/A/AppleJPEG
0x0000000001ec1000 	/System/Library/Frameworks/ImageIO.framework/Versions/A/Resources/libJPEG.dylib
0x0000000001ec1000 	/System/Library/Frameworks/ImageIO.framework/Versions/A/Resources/libTIFF.dylib
0x0000000001ec1000 	/System/Library/Frameworks/ImageIO.framework/Versions/A/Resources/libPng.dylib
0x0000000001ec1000 	/System/Library/Frameworks/ImageIO.framework/Versions/A/Resources/libGIF.dylib
0x0000000001ec1000 	/System/Library/Frameworks/ImageIO.framework/Versions/A/Resources/libJP2.dylib
0x0000000001ec1000 	/System/Library/Frameworks/ImageIO.framework/Versions/A/Resources/libRadiance.dylib
0x0000000001ec1000 	/System/Library/Frameworks/CoreVideo.framework/Versions/A/CoreVideo
0x0000000001ec1000 	/System/Library/Frameworks/OpenGL.framework/Versions/A/Libraries/libGLU.dylib
0x0000000001ec1000 	/System/Library/Frameworks/OpenGL.framework/Versions/A/Libraries/libGFXShared.dylib
0x0000000001ec1000 	/System/Library/Frameworks/OpenGL.framework/Versions/A/Libraries/libGL.dylib
0x0000000001ec1000 	/System/Library/Frameworks/OpenGL.framework/Versions/A/Libraries/libGLImage.dylib
0x0000000001ec1000 	/System/Library/Frameworks/OpenGL.framework/Versions/A/Libraries/libCVMSPluginSupport.dylib
0x0000000001ec1000 	/System/Library/Frameworks/OpenGL.framework/Versions/A/Libraries/libCoreVMClient.dylib
0x0000000001ec1000 	/usr/lib/libcups.2.dylib
0x0000000001ec1000 	/System/Library/Frameworks/Kerberos.framework/Versions/A/Kerberos
0x0000000001ec1000 	/System/Library/Frameworks/GSS.framework/Versions/A/GSS
0x0000000001ec1000 	/usr/lib/libresolv.9.dylib
0x0000000001ec1000 	/usr/lib/libiconv.2.dylib
0x0000000001ec1000 	/System/Library/PrivateFrameworks/Heimdal.framework/Versions/A/Heimdal
0x0000000001ec1000 	/usr/lib/libheimdal-asn1.dylib
0x0000000001ec1000 	/System/Library/Frameworks/OpenDirectory.framework/Versions/A/OpenDirectory
0x0000000001ec1000 	/System/Library/PrivateFrameworks/CommonAuth.framework/Versions/A/CommonAuth
0x0000000001ec1000 	/System/Library/Frameworks/OpenDirectory.framework/Versions/A/Frameworks/CFOpenDirectory.framework/Versions/A/CFOpenDirectory
0x0000000001ec1000 	/System/Library/Frameworks/SecurityFoundation.framework/Versions/A/SecurityFoundation
0x0000000001ec1000 	/System/Library/PrivateFrameworks/LanguageModeling.framework/Versions/A/LanguageModeling
0x0000000001ec1000 	/usr/lib/libcmph.dylib
0x0000000001ec1000 	/System/Library/Frameworks/ServiceManagement.framework/Versions/A/ServiceManagement
0x0000000001ec1000 	/usr/lib/libxslt.1.dylib
0x0000000001ec1000 	/System/Library/Frameworks/Carbon.framework/Versions/A/Frameworks/Ink.framework/Versions/A/Ink
0x0000000001ec1000 	/System/Library/Frameworks/QuartzCore.framework/Versions/A/Frameworks/CoreImage.framework/Versions/A/CoreImage
0x0000000001ec1000 	/System/Library/PrivateFrameworks/CrashReporterSupport.framework/Versions/A/CrashReporterSupport
0x0000000001ec1000 	/System/Library/Frameworks/OpenCL.framework/Versions/A/OpenCL
0x0000000001ec1000 	/System/Library/PrivateFrameworks/FaceCore.framework/Versions/A/FaceCore
0x0000000001ec1000 	/System/Library/PrivateFrameworks/Ubiquity.framework/Versions/A/Ubiquity
0x0000000001ec1000 	/System/Library/PrivateFrameworks/IconServices.framework/Versions/A/IconServices
0x0000000001ec1000 	/System/Library/PrivateFrameworks/ChunkingLibrary.framework/Versions/A/ChunkingLibrary
0x0000000001ec1000 	/System/Library/PrivateFrameworks/Apple80211.framework/Versions/A/Apple80211
0x0000000001ec1000 	/System/Library/Frameworks/CoreWLAN.framework/Versions/A/CoreWLAN
0x0000000001ec1000 	/System/Library/Frameworks/IOBluetooth.framework/Versions/A/IOBluetooth
0x0000000001ec1000 	/System/Library/PrivateFrameworks/CoreWiFi.framework/Versions/A/CoreWiFi
0x0000000001ec1000 	/System/Library/Frameworks/CoreBluetooth.framework/Versions/A/CoreBluetooth
0x0000000001ec1000 	/System/Library/PrivateFrameworks/DebugSymbols.framework/Versions/A/DebugSymbols
0x0000000001ec1000 	/System/Library/PrivateFrameworks/CoreSymbolication.framework/Versions/A/CoreSymbolication
0x0000000001ec1000 	/System/Library/PrivateFrameworks/Symbolication.framework/Versions/A/Symbolication
0x0000000001ec1000 	/System/Library/PrivateFrameworks/SpeechRecognitionCore.framework/Versions/A/SpeechRecognitionCore
0x000000010f1b7000 	/Library/Java/JavaVirtualMachines/jdk1.8.0_65.jdk/Contents/Home/jre/lib/server/libjvm.dylib
0x0000000001ec1000 	/usr/lib/libstdc++.6.dylib
0x0000000110243000 	/Library/Java/JavaVirtualMachines/jdk1.8.0_65.jdk/Contents/Home/jre/lib/libverify.dylib
0x0000000110251000 	/Library/Java/JavaVirtualMachines/jdk1.8.0_65.jdk/Contents/Home/jre/lib/libjava.dylib
0x00000001102a7000 	/Library/Java/JavaVirtualMachines/jdk1.8.0_65.jdk/Contents/Home/jre/lib/libzip.dylib
0x0000000126b2c000 	/System/Library/Frameworks/JavaVM.framework/Frameworks/JavaRuntimeSupport.framework/JavaRuntimeSupport
0x0000000126b42000 	/System/Library/Frameworks/JavaVM.framework/Versions/A/Frameworks/JavaNativeFoundation.framework/Versions/A/JavaNativeFoundation
0x0000000126b56000 	/System/Library/Frameworks/JavaVM.framework/Versions/A/JavaVM
0x0000000001ec1000 	/System/Library/Frameworks/Carbon.framework/Versions/A/Carbon
0x0000000126b62000 	/System/Library/PrivateFrameworks/JavaLaunching.framework/Versions/A/JavaLaunching
0x0000000001ec1000 	/System/Library/Frameworks/Carbon.framework/Versions/A/Frameworks/CommonPanels.framework/Versions/A/CommonPanels
0x0000000001ec1000 	/System/Library/Frameworks/Carbon.framework/Versions/A/Frameworks/Help.framework/Versions/A/Help
0x0000000001ec1000 	/System/Library/Frameworks/Carbon.framework/Versions/A/Frameworks/ImageCapture.framework/Versions/A/ImageCapture
0x0000000001ec1000 	/System/Library/Frameworks/Carbon.framework/Versions/A/Frameworks/OpenScripting.framework/Versions/A/OpenScripting
0x0000000001ec1000 	/System/Library/Frameworks/Carbon.framework/Versions/A/Frameworks/Print.framework/Versions/A/Print
0x0000000001ec1000 	/System/Library/Frameworks/Carbon.framework/Versions/A/Frameworks/SecurityHI.framework/Versions/A/SecurityHI
0x00000001289d6000 	/Library/Java/JavaVirtualMachines/jdk1.8.0_65.jdk/Contents/Home/jre/lib/libawt.dylib
0x0000000128a7e000 	/Library/Java/JavaVirtualMachines/jdk1.8.0_65.jdk/Contents/Home/jre/lib/./libmlib_image.dylib
0x0000000128b4a000 	/Library/Java/JavaVirtualMachines/jdk1.8.0_65.jdk/Contents/Home/jre/lib/libawt_lwawt.dylib
0x0000000128bff000 	/Library/Java/JavaVirtualMachines/jdk1.8.0_65.jdk/Contents/Home/jre/lib/./libosxapp.dylib
0x0000000001ec1000 	/System/Library/Frameworks/ExceptionHandling.framework/Versions/A/ExceptionHandling
0x0000000001ec1000 	/System/Library/PrivateFrameworks/CoreServicesInternal.framework/Versions/A/CoreServicesInternal
0x0000000001ec1000 	/System/Library/PrivateFrameworks/CloudDocs.framework/Versions/A/CloudDocs
0x0000000001ec1000 	/System/Library/PrivateFrameworks/CoreDuet.framework/Versions/A/CoreDuet
0x0000000001ec1000 	/System/Library/Frameworks/CloudKit.framework/Versions/A/CloudKit
0x0000000001ec1000 	/System/Library/PrivateFrameworks/ProtocolBuffer.framework/Versions/A/ProtocolBuffer
0x0000000001ec1000 	/System/Library/PrivateFrameworks/CoreDuetDaemonProtocol.framework/Versions/A/CoreDuetDaemonProtocol
0x0000000001ec1000 	/System/Library/PrivateFrameworks/CoreDuetDebugLogging.framework/Versions/A/CoreDuetDebugLogging
0x0000000001ec1000 	/System/Library/PrivateFrameworks/MMCS.framework/Versions/A/MMCS
0x0000000001ec1000 	/System/Library/Frameworks/CoreLocation.framework/Versions/A/CoreLocation
0x0000000001ec1000 	/System/Library/PrivateFrameworks/ProtectedCloudStorage.framework/Versions/A/ProtectedCloudStorage
0x0000000001ec1000 	/System/Library/PrivateFrameworks/GeoServices.framework/Versions/A/GeoServices
0x0000000001ec1000 	/System/Library/Frameworks/CoreGraphics.framework/Versions/A/Resources/libCGCMS.A.dylib
0x0000000001ec1000 	/System/Library/Frameworks/CoreGraphics.framework/Versions/A/Resources/libRIP.A.dylib
0x0000000001ec1000 	/System/Library/Frameworks/CoreGraphics.framework/Versions/A/Resources/libCGXType.A.dylib
0x0000000001ec1000 	/System/Library/Frameworks/OpenCL.framework/Versions/A/Libraries/libcldcpuengine.dylib
0x0000000001ec1000 	/System/Library/PrivateFrameworks/DiskImages.framework/Versions/A/DiskImages
0x0000000001ec1000 	/System/Library/Frameworks/DiscRecording.framework/Versions/A/DiscRecording
0x0000000001ec1000 	/usr/lib/libcsfde.dylib
0x0000000001ec1000 	/usr/lib/libcurl.4.dylib
0x0000000001ec1000 	/System/Library/PrivateFrameworks/MediaKit.framework/Versions/A/MediaKit
0x0000000001ec1000 	/usr/lib/libCoreStorage.dylib
0x0000000001ec1000 	/System/Library/PrivateFrameworks/EFILogin.framework/Versions/A/EFILogin
0x0000000001ec1000 	/usr/lib/libutil.dylib
0x0000000001ec1000 	/System/Library/PrivateFrameworks/FindMyDevice.framework/Versions/A/FindMyDevice
0x0000000001ec1000 	/System/Library/Frameworks/LDAP.framework/Versions/A/LDAP
0x0000000001ec1000 	/usr/lib/libsasl2.2.dylib
0x0000000001ec1000 	/System/Library/PrivateFrameworks/CoreDaemon.framework/Versions/B/CoreDaemon
0x0000000001ec1000 	/usr/lib/libcrypto.0.9.8.dylib
0x0000000001ec1000 	/System/Library/PrivateFrameworks/AppleSRP.framework/Versions/A/AppleSRP
0x0000000001ec1000 	/System/Library/PrivateFrameworks/TrustEvaluationAgent.framework/Versions/A/TrustEvaluationAgent
0x0000000129087000 	cl_kernels
0x000000012bb8f000 	/System/Library/Frameworks/OpenCL.framework/Versions/A/Libraries/ImageFormats/unorm8_bgra.dylib
0x000000012908c000 	cl_kernels
0x0000000001ec1000 	/System/Library/PrivateFrameworks/FamilyControls.framework/Versions/A/FamilyControls
0x0000000001ec1000 	/System/Library/PrivateFrameworks/CommerceKit.framework/Versions/A/Frameworks/CommerceCore.framework/Versions/A/CommerceCore
0x0000000001ec1000 	/System/Library/PrivateFrameworks/SystemAdministration.framework/Versions/A/SystemAdministration
0x0000000001ec1000 	/System/Library/PrivateFrameworks/AppContainer.framework/Versions/A/AppContainer
0x0000000001ec1000 	/System/Library/PrivateFrameworks/SecCodeWrapper.framework/Versions/A/SecCodeWrapper
0x0000000001ec1000 	/System/Library/Frameworks/DirectoryService.framework/Versions/A/DirectoryService
0x0000000001ec1000 	/System/Library/PrivateFrameworks/LoginUIKit.framework/Versions/A/Frameworks/LoginUICore.framework/Versions/A/LoginUICore
0x0000000001ec1000 	/usr/lib/libodfde.dylib
0x000000012cf5a000 	/Library/Java/JavaVirtualMachines/jdk1.8.0_65.jdk/Contents/Home/jre/lib/libfontmanager.dylib
0x0000000001ec1000 	/System/Library/Frameworks/OpenGL.framework/Versions/A/Resources/GLEngine.bundle/GLEngine
0x0000000001ec1000 	/System/Library/Frameworks/OpenGL.framework/Versions/A/Libraries/libGLProgrammability.dylib
0x000000012d1b3000 	/System/Library/Extensions/AppleIntelHD5000GraphicsGLDriver.bundle/Contents/MacOS/AppleIntelHD5000GraphicsGLDriver
0x0000000001ec1000 	/System/Library/PrivateFrameworks/IOAccelerator.framework/Versions/A/IOAccelerator
0x0000000001ec1000 	/System/Library/PrivateFrameworks/GPUSupport.framework/Versions/A/Libraries/libGPUSupportMercury.dylib
0x0000000001ec1000 	/System/Library/Frameworks/OpenGL.framework/Versions/A/Resources/GLRendererFloat.bundle/GLRendererFloat
0x000000012d07f000 	/private/var/folders/nq/p4zw8rm51_5dsxh883p3f8600000gn/T/jna--1988604283/jna4136093478068474099.tmp
0x000000012e5d9000 	/usr/local/lib/libtesseract.dylib
0x000000012ebf7000 	/usr/local/lib/liblept.4.dylib
0x000000012edcb000 	/usr/local/lib/libpng16.16.dylib
0x000000012edf7000 	/usr/local/lib/libjpeg.8.dylib
0x000000012ee2a000 	/usr/local/lib/libtiff.5.dylib
0x000000012d094000 	/Library/Java/JavaVirtualMachines/jdk1.8.0_65.jdk/Contents/Home/jre/lib/libnio.dylib
0x000000012f091000 	/Library/Java/JavaVirtualMachines/jdk1.8.0_65.jdk/Contents/Home/jre/lib/./libnet.dylib

VM Arguments:
jvm_args: -Dfile.encoding=UTF-8 
java_command: ColorPalette
java_class_path (initial): /Users/veronica/Documents/ColorPalette/bin:/Users/veronica/Downloads/Tess4J/dist/tess4j.jar:/Users/veronica/Downloads/jna-4.1.0.jar:/Users/veronica/Downloads/jai_imageio-1.1.jar:/Users/veronica/Downloads/commons-io-2.4/commons-io-2.4.jar:/Users/veronica/Downloads/jsoup-1.8.3.jar
Launcher Type: SUN_STANDARD

Environment Variables:
PATH=/usr/bin:/bin:/usr/sbin:/sbin
SHELL=/bin/bash
DISPLAY=/private/tmp/com.apple.launchd.gHu6kCn3RP/org.macosforge.xquartz:0

Signal Handlers:
SIGSEGV: [libjvm.dylib+0x5a6d31], sa_mask[0]=11111111011111110111111111111111, sa_flags=SA_ONSTACK|SA_RESTART|SA_SIGINFO
SIGBUS: [libjvm.dylib+0x5a6d31], sa_mask[0]=11111111011111110111111111111111, sa_flags=SA_RESTART|SA_SIGINFO
SIGFPE: [libjvm.dylib+0x480a40], sa_mask[0]=11111111011111110111111111111111, sa_flags=SA_RESTART|SA_SIGINFO
SIGPIPE: [libjvm.dylib+0x480a40], sa_mask[0]=11111111011111110111111111111111, sa_flags=SA_RESTART|SA_SIGINFO
SIGXFSZ: [libjvm.dylib+0x480a40], sa_mask[0]=11111111011111110111111111111111, sa_flags=SA_RESTART|SA_SIGINFO
SIGILL: [libjvm.dylib+0x480a40], sa_mask[0]=11111111011111110111111111111111, sa_flags=SA_RESTART|SA_SIGINFO
SIGUSR1: SIG_DFL, sa_mask[0]=00000000000000000000000000000000, sa_flags=none
SIGUSR2: [libjvm.dylib+0x48055e], sa_mask[0]=00100000000000000000000000000000, sa_flags=SA_RESTART|SA_SIGINFO
SIGHUP: [libjvm.dylib+0x47eb35], sa_mask[0]=11111111011111110111111111111111, sa_flags=SA_RESTART|SA_SIGINFO
SIGINT: [libjvm.dylib+0x47eb35], sa_mask[0]=11111111011111110111111111111111, sa_flags=SA_RESTART|SA_SIGINFO
SIGTERM: [libjvm.dylib+0x47eb35], sa_mask[0]=11111111011111110111111111111111, sa_flags=SA_RESTART|SA_SIGINFO
SIGQUIT: [libjvm.dylib+0x47eb35], sa_mask[0]=11111111011111110111111111111111, sa_flags=SA_RESTART|SA_SIGINFO


---------------  S Y S T E M  ---------------

OS:Bsduname:Darwin 14.5.0 Darwin Kernel Version 14.5.0: Wed Jul 29 02:26:53 PDT 2015; root:xnu-2782.40.9~1/RELEASE_X86_64 x86_64
rlimit: STACK 8192k, CORE 0k, NPROC 709, NOFILE 10240, AS infinity
load average:2.38 2.09 1.97

CPU:total 4 (2 cores per cpu, 2 threads per core) family 6 model 69 stepping 1, cmov, cx8, fxsr, mmx, sse, sse2, sse3, ssse3, sse4.1, sse4.2, popcnt, avx, avx2, aes, clmul, erms, lzcnt, ht, tsc, tscinvbit, bmi1, bmi2

Memory: 4k page, physical 8388608k(74824k free)

/proc/meminfo:


vm_info: Java HotSpot(TM) 64-Bit Server VM (25.65-b01) for bsd-amd64 JRE (1.8.0_65-b17), built on Oct  6 2015 15:36:46 by "java_re" with gcc 4.2.1 (Based on Apple Inc. build 5658) (LLVM build 2336.11.00)

time: Mon Jan 25 10:23:46 2016
elapsed time: 2 seconds (0d 0h 0m 2s)

