#
# A fatal error has been detected by the Java Runtime Environment:
#
#  SIGSEGV (0xb) at pc=0x00000001276a057e, pid=1011, tid=4867
#
# JRE version: Java(TM) SE Runtime Environment (8.0_65-b17) (build 1.8.0_65-b17)
# Java VM: Java HotSpot(TM) 64-Bit Server VM (25.65-b01 mixed mode bsd-amd64 compressed oops)
# Problematic frame:
# C  [libtesseract.dylib+0x1657e]  tesseract::Tesseract::recog_all_words(PAGE_RES*, ETEXT_DESC*, TBOX const*, char const*, int)+0xbe
#
# Failed to write core dump. Core dumps have been disabled. To enable core dumping, try "ulimit -c unlimited" before starting Java again
#
# If you would like to submit a bug report, please visit:
#   http://bugreport.java.com/bugreport/crash.jsp
# The crash happened outside the Java Virtual Machine in native code.
# See problematic frame for where to report the bug.
#

---------------  T H R E A D  ---------------

Current thread (0x00007fed6b007800):  JavaThread "main" [_thread_in_native, id=4867, stack(0x000000010958a000,0x000000010968a000)]

siginfo: si_signo: 11 (SIGSEGV), si_code: 1 (SEGV_MAPERR), si_addr: 0x000000000000000c

Registers:
RAX=0x0000000000000000, RBX=0x0000000000000000, RCX=0x0000000000000000, RDX=0x0000000000000000
RSP=0x0000000109688420, RBP=0x00000001096885b0, RSI=0x0000000000000000, RDI=0x0000000109688568
R8 =0x0000000000000000, R9 =0x0000000000000000, R10=0x0000000000000001, R11=0xfffffffffff93840
R12=0x00007fed6b3c3200, R13=0x00007fed6b3c3200, R14=0x0000000000000000, R15=0x00007fed6cab7870
RIP=0x00000001276a057e, EFLAGS=0x0000000000010246, ERR=0x0000000000000004
  TRAPNO=0x000000000000000e

Top of Stack: (sp=0x0000000109688420)
0x0000000109688420:   00007fed6a46b788 000000006a46b710
0x0000000109688430:   0000000000000000 0000000000000000
0x0000000109688440:   0000000109680000 00007fed6a46ad60
0x0000000109688450:   00007fed6a7e9101 00007fed6cad4d10
0x0000000109688460:   00007fed6caba548 00007fed6a46b760
0x0000000109688470:   0000000000000000 00007fed6caba550
0x0000000109688480:   0000000109688500 00000001277fe527
0x0000000109688490:   00007fed6cab7870 0000000000000000
0x00000001096884a0:   0000000000000000 0000000000000000
0x00000001096884b0:   00007fed6cabd730 00007fed6caba550
0x00000001096884c0:   00007fed6caba520 00007fed6cabd8e0
0x00000001096884d0:   00007fed6caba550 00007fed6caba520
0x00000001096884e0:   00007fed6cab7878 00007fed6caba520
0x00000001096884f0:   00007fed6caba520 00007fed6caba520
0x0000000109688500:   0000000109680000 00007fed6caba520
0x0000000109688510:   0000000000000000 00007fed6caba548
0x0000000109688520:   00007fed6cad4d10 00007fed6caba550
0x0000000109688530:   00007fed6cac18e0 00007fed6b3c0000
0x0000000109688540:   00007fed6caba550 0000000000000000
0x0000000109688550:   00007fed6caba570 00007fed6cabd8e0
0x0000000109688560:   00007fed6cabdb10 00007fed6cabddc0
0x0000000109688570:   0000000109680000 00007fed6cabd730
0x0000000109688580:   00007fed6b3c3201 0000000000000001
0x0000000109688590:   00007fed6cab7870 00007fed6b3c3200
0x00000001096885a0:   00000000ffffffff 00007fed6a644410
0x00000001096885b0:   0000000109688620 000000012768d56e
0x00000001096885c0:   00000001096886b0 00007fff9098eb1d
0x00000001096885d0:   0000000000000000 00000001096887a0
0x00000001096885e0:   0000000000000000 01000001096887b4
0x00000001096885f0:   00000001096887b0 00007fed6a644410
0x0000000109688600:   0000000000000004 0000000000000002
0x0000000109688610:   0000000000000000 0000000000000000 

Instructions: (pc=0x00000001276a057e)
0x00000001276a055e:   7e 10 89 9d 7c fe ff ff 4c 89 e7 e8 92 cd 0f 00
0x00000001276a056e:   eb 1c 89 9d 7c fe ff ff 49 8b 84 24 10 0b 00 00
0x00000001276a057e:   80 78 0c 00 74 08 4c 89 e7 e8 34 ce 0f 00 4d 89
0x00000001276a058e:   f5 41 83 bc 24 f8 4b 00 00 00 7e 48 31 db 0f 1f 

Register to memory mapping:

RAX=0x0000000000000000 is an unknown value
RBX=0x0000000000000000 is an unknown value
RCX=0x0000000000000000 is an unknown value
RDX=0x0000000000000000 is an unknown value
RSP=0x0000000109688420 is pointing into the stack for thread: 0x00007fed6b007800
RBP=0x00000001096885b0 is pointing into the stack for thread: 0x00007fed6b007800
RSI=0x0000000000000000 is an unknown value
RDI=0x0000000109688568 is pointing into the stack for thread: 0x00007fed6b007800
R8 =0x0000000000000000 is an unknown value
R9 =0x0000000000000000 is an unknown value
R10=0x0000000000000001 is an unknown value
R11=0xfffffffffff93840 is an unknown value
R12=0x00007fed6b3c3200 is an unknown value
R13=0x00007fed6b3c3200 is an unknown value
R14=0x0000000000000000 is an unknown value
R15=0x00007fed6cab7870 is an unknown value


Stack: [0x000000010958a000,0x000000010968a000],  sp=0x0000000109688420,  free space=1017k
Native frames: (J=compiled Java code, j=interpreted, Vv=VM code, C=native code)
C  [libtesseract.dylib+0x1657e]  tesseract::Tesseract::recog_all_words(PAGE_RES*, ETEXT_DESC*, TBOX const*, char const*, int)+0xbe
C  [libtesseract.dylib+0x356e]  tesseract::TessBaseAPI::Recognize(ETEXT_DESC*)+0x2ee
C  [libtesseract.dylib+0x47ac]  tesseract::TessBaseAPI::GetHOCRText(int)+0x3c
C  [jna8626451835864809282.tmp+0xd94c]  ffi_call_unix64+0x4c
C  0x0000000109689180

Java frames: (J=compiled Java code, j=interpreted, Vv=VM code)
j  com.sun.jna.Native.invokePointer(JI[Ljava/lang/Object;)J+0
j  com.sun.jna.Function.invokePointer(I[Ljava/lang/Object;)Lcom/sun/jna/Pointer;+6
j  com.sun.jna.Function.invoke([Ljava/lang/Object;Ljava/lang/Class;Z)Ljava/lang/Object;+426
j  com.sun.jna.Function.invoke(Ljava/lang/Class;[Ljava/lang/Object;Ljava/util/Map;)Ljava/lang/Object;+262
j  com.sun.jna.Library$Handler.invoke(Ljava/lang/Object;Ljava/lang/reflect/Method;[Ljava/lang/Object;)Ljava/lang/Object;+316
j  com.sun.proxy.$Proxy0.TessBaseAPIGetHOCRText(Lnet/sourceforge/tess4j/ITessAPI$TessBaseAPI;I)Lcom/sun/jna/Pointer;+23
j  net.sourceforge.tess4j.Tesseract.getOCRText(Ljava/lang/String;I)Ljava/lang/String;+46
j  net.sourceforge.tess4j.Tesseract.doOCR(Ljava/util/List;Ljava/lang/String;Ljava/awt/Rectangle;)Ljava/lang/String;+69
j  net.sourceforge.tess4j.Tesseract.doOCR(Ljava/io/File;Ljava/awt/Rectangle;)Ljava/lang/String;+10
j  net.sourceforge.tess4j.Tesseract.doOCR(Ljava/io/File;)Ljava/lang/String;+3
j  TesseractWrapper.doOCR()Ljava/lang/String;+38
j  ImageFormatter.doOCR(Ljava/lang/String;Ljava/lang/String;)Ljava/lang/String;+15
j  ImageFormatter.format(Ljava/lang/String;Ljava/lang/String;Ljava/lang/String;)Ljava/lang/String;+12
j  ColorPalette.main([Ljava/lang/String;)V+29
v  ~StubRoutines::call_stub

---------------  P R O C E S S  ---------------

Java Threads: ( => current thread )
  0x00007fed6b199800 JavaThread "Java2D Queue Flusher" daemon [_thread_blocked, id=54535, stack(0x0000000125f9a000,0x000000012609a000)]
  0x00007fed6b9f0800 JavaThread "Java2D Disposer" daemon [_thread_blocked, id=46611, stack(0x0000000125e0a000,0x0000000125f0a000)]
  0x00007fed6b920000 JavaThread "AWT-Shutdown" [_thread_blocked, id=27923, stack(0x0000000122e96000,0x0000000122f96000)]
  0x00007fed6c0fe800 JavaThread "AppKit Thread" daemon [_thread_in_native, id=1811, stack(0x00007fff577a8000,0x00007fff57fa8000)]
  0x00007fed6a836000 JavaThread "Service Thread" daemon [_thread_blocked, id=18179, stack(0x00000001213f5000,0x00000001214f5000)]
  0x00007fed6b82f000 JavaThread "C1 CompilerThread2" daemon [_thread_blocked, id=17667, stack(0x00000001212f2000,0x00000001213f2000)]
  0x00007fed6b82e800 JavaThread "C2 CompilerThread1" daemon [_thread_in_native, id=17155, stack(0x00000001211ef000,0x00000001212ef000)]
  0x00007fed6b011000 JavaThread "C2 CompilerThread0" daemon [_thread_blocked, id=16643, stack(0x00000001210ec000,0x00000001211ec000)]
  0x00007fed6a81b000 JavaThread "Signal Dispatcher" daemon [_thread_blocked, id=13335, stack(0x0000000120fe9000,0x00000001210e9000)]
  0x00007fed6b821800 JavaThread "Finalizer" daemon [_thread_blocked, id=11523, stack(0x000000011f5d9000,0x000000011f6d9000)]
  0x00007fed6a80f000 JavaThread "Reference Handler" daemon [_thread_blocked, id=11011, stack(0x000000011f4d6000,0x000000011f5d6000)]
=>0x00007fed6b007800 JavaThread "main" [_thread_in_native, id=4867, stack(0x000000010958a000,0x000000010968a000)]

Other Threads:
  0x00007fed6c036000 VMThread [stack: 0x000000011f3d3000,0x000000011f4d3000] [id=10499]
  0x00007fed6b82d800 WatcherThread [stack: 0x00000001214f8000,0x00000001215f8000] [id=18691]

VM state:not at safepoint (normal execution)

VM Mutex/Monitor currently owned by a thread: None

Heap:
 PSYoungGen      total 174080K, used 21454K [0x0000000795580000, 0x00000007a0b80000, 0x00000007c0000000)
  eden space 171520K, 12% used [0x0000000795580000,0x0000000796a73a78,0x000000079fd00000)
  from space 2560K, 0% used [0x000000079ff00000,0x000000079ff00000,0x00000007a0180000)
  to   space 2048K, 0% used [0x000000079fd00000,0x000000079fd00000,0x000000079ff00000)
 ParOldGen       total 166400K, used 32419K [0x0000000740000000, 0x000000074a280000, 0x0000000795580000)
  object space 166400K, 19% used [0x0000000740000000,0x0000000741fa8d98,0x000000074a280000)
 Metaspace       used 9492K, capacity 9662K, committed 9728K, reserved 1058816K
  class space    used 1122K, capacity 1215K, committed 1280K, reserved 1048576K

Card table byte_map: [0x0000000118a4c000,0x0000000118e4d000] byte_map_base: 0x000000011504c000

Marking Bits: (ParMarkBitMap*) 0x0000000108edee20
 Begin Bits: [0x0000000119504000, 0x000000011b504000)
 End Bits:   [0x000000011b504000, 0x000000011d504000)

Polling page: 0x0000000107db1000

CodeCache: size=245760Kb used=3675Kb max_used=3679Kb free=242084Kb
 bounds [0x000000010968c000, 0x0000000109a2c000, 0x000000011868c000]
 total_blobs=1329 nmethods=893 adapters=349
 compilation: enabled

Compilation events (10 events):
Event: 5.387 Thread 0x00007fed6b011000  890       4       java.io.RandomAccessFile::readFully (45 bytes)
Event: 5.388 Thread 0x00007fed6b011000 nmethod 890 0x0000000109a25610 code [0x0000000109a25760, 0x0000000109a25828]
Event: 5.461 Thread 0x00007fed6b82f000  891   !   3       java.lang.ref.Finalizer::remove (94 bytes)
Event: 5.462 Thread 0x00007fed6b82f000 nmethod 891 0x0000000109a16350 code [0x0000000109a164e0, 0x0000000109a169f0]
Event: 5.513 Thread 0x00007fed6b82f000  892       3       java.lang.Integer::valueOf (32 bytes)
Event: 5.514 Thread 0x00007fed6b82f000 nmethod 892 0x0000000109a15ad0 code [0x0000000109a15c60, 0x0000000109a15fb0]
Event: 5.514 Thread 0x00007fed6b82f000  893       3       sun.reflect.ClassFileAssembler::emitShort (24 bytes)
Event: 5.514 Thread 0x00007fed6b82f000 nmethod 893 0x0000000109a26a10 code [0x0000000109a26ba0, 0x0000000109a26ef8]
Event: 5.618 Thread 0x00007fed6b82f000  894       3       java.lang.reflect.Method::<init> (68 bytes)
Event: 5.619 Thread 0x00007fed6b82f000 nmethod 894 0x0000000109a26390 code [0x0000000109a26500, 0x0000000109a26870]

GC Heap History (10 events):
Event: 4.056 GC heap before
{Heap before GC invocations=8 (full 2):
 PSYoungGen      total 70144K, used 65024K [0x0000000795580000, 0x000000079d680000, 0x00000007c0000000)
  eden space 65024K, 100% used [0x0000000795580000,0x0000000799500000,0x0000000799500000)
  from space 5120K, 0% used [0x0000000799500000,0x0000000799500000,0x0000000799a00000)
  to   space 2560K, 0% used [0x000000079d400000,0x000000079d400000,0x000000079d680000)
 ParOldGen       total 114176K, used 27422K [0x0000000740000000, 0x0000000746f80000, 0x0000000795580000)
  object space 114176K, 24% used [0x0000000740000000,0x0000000741ac78d0,0x0000000746f80000)
 Metaspace       used 7691K, capacity 7826K, committed 7936K, reserved 1056768K
  class space    used 921K, capacity 989K, committed 1024K, reserved 1048576K
Event: 4.063 GC heap after
Heap after GC invocations=8 (full 2):
 PSYoungGen      total 115712K, used 96K [0x0000000795580000, 0x000000079d480000, 0x00000007c0000000)
  eden space 115200K, 0% used [0x0000000795580000,0x0000000795580000,0x000000079c600000)
  from space 512K, 18% used [0x000000079d400000,0x000000079d418000,0x000000079d480000)
  to   space 2560K, 0% used [0x000000079cf80000,0x000000079cf80000,0x000000079d200000)
 ParOldGen       total 114176K, used 72739K [0x0000000740000000, 0x0000000746f80000, 0x0000000795580000)
  object space 114176K, 63% used [0x0000000740000000,0x0000000744708d10,0x0000000746f80000)
 Metaspace       used 7691K, capacity 7826K, committed 7936K, reserved 1056768K
  class space    used 921K, capacity 989K, committed 1024K, reserved 1048576K
}
Event: 4.063 GC heap before
{Heap before GC invocations=9 (full 3):
 PSYoungGen      total 115712K, used 96K [0x0000000795580000, 0x000000079d480000, 0x00000007c0000000)
  eden space 115200K, 0% used [0x0000000795580000,0x0000000795580000,0x000000079c600000)
  from space 512K, 18% used [0x000000079d400000,0x000000079d418000,0x000000079d480000)
  to   space 2560K, 0% used [0x000000079cf80000,0x000000079cf80000,0x000000079d200000)
 ParOldGen       total 114176K, used 72739K [0x0000000740000000, 0x0000000746f80000, 0x0000000795580000)
  object space 114176K, 63% used [0x0000000740000000,0x0000000744708d10,0x0000000746f80000)
 Metaspace       used 7691K, capacity 7826K, committed 7936K, reserved 1056768K
  class space    used 921K, capacity 989K, committed 1024K, reserved 1048576K
Event: 4.078 GC heap after
Heap after GC invocations=9 (full 3):
 PSYoungGen      total 115712K, used 0K [0x0000000795580000, 0x000000079d480000, 0x00000007c0000000)
  eden space 115200K, 0% used [0x0000000795580000,0x0000000795580000,0x000000079c600000)
  from space 512K, 0% used [0x000000079d400000,0x000000079d400000,0x000000079d480000)
  to   space 2560K, 0% used [0x000000079cf80000,0x000000079cf80000,0x000000079d200000)
 ParOldGen       total 149504K, used 42526K [0x0000000740000000, 0x0000000749200000, 0x0000000795580000)
  object space 149504K, 28% used [0x0000000740000000,0x0000000742987a58,0x0000000749200000)
 Metaspace       used 7691K, capacity 7826K, committed 7936K, reserved 1056768K
  class space    used 921K, capacity 989K, committed 1024K, reserved 1048576K
}
Event: 4.326 GC heap before
{Heap before GC invocations=10 (full 3):
 PSYoungGen      total 115712K, used 115200K [0x0000000795580000, 0x000000079d480000, 0x00000007c0000000)
  eden space 115200K, 100% used [0x0000000795580000,0x000000079c600000,0x000000079c600000)
  from space 512K, 0% used [0x000000079d400000,0x000000079d400000,0x000000079d480000)
  to   space 2560K, 0% used [0x000000079cf80000,0x000000079cf80000,0x000000079d200000)
 ParOldGen       total 149504K, used 42526K [0x0000000740000000, 0x0000000749200000, 0x0000000795580000)
  object space 149504K, 28% used [0x0000000740000000,0x0000000742987a58,0x0000000749200000)
 Metaspace       used 7691K, capacity 7826K, committed 7936K, reserved 1056768K
  class space    used 921K, capacity 989K, committed 1024K, reserved 1048576K
Event: 4.326 GC heap after
Heap after GC invocations=10 (full 3):
 PSYoungGen      total 127488K, used 0K [0x0000000795580000, 0x00000007a0180000, 0x00000007c0000000)
  eden space 124928K, 0% used [0x0000000795580000,0x0000000795580000,0x000000079cf80000)
  from space 2560K, 0% used [0x000000079cf80000,0x000000079cf80000,0x000000079d200000)
  to   space 2560K, 0% used [0x000000079ff00000,0x000000079ff00000,0x00000007a0180000)
 ParOldGen       total 149504K, used 42526K [0x0000000740000000, 0x0000000749200000, 0x0000000795580000)
  object space 149504K, 28% used [0x0000000740000000,0x0000000742987a58,0x0000000749200000)
 Metaspace       used 7691K, capacity 7826K, committed 7936K, reserved 1056768K
  class space    used 921K, capacity 989K, committed 1024K, reserved 1048576K
}
Event: 5.409 GC heap before
{Heap before GC invocations=11 (full 3):
 PSYoungGen      total 127488K, used 123216K [0x0000000795580000, 0x00000007a0180000, 0x00000007c0000000)
  eden space 124928K, 98% used [0x0000000795580000,0x000000079cdd41b0,0x000000079cf80000)
  from space 2560K, 0% used [0x000000079cf80000,0x000000079cf80000,0x000000079d200000)
  to   space 2560K, 0% used [0x000000079ff00000,0x000000079ff00000,0x00000007a0180000)
 ParOldGen       total 149504K, used 42526K [0x0000000740000000, 0x0000000749200000, 0x0000000795580000)
  object space 149504K, 28% used [0x0000000740000000,0x0000000742987a58,0x0000000749200000)
 Metaspace       used 9467K, capacity 9656K, committed 9728K, reserved 1058816K
  class space    used 1120K, capacity 1214K, committed 1280K, reserved 1048576K
Event: 5.437 GC heap after
Heap after GC invocations=11 (full 3):
 PSYoungGen      total 174080K, used 696K [0x0000000795580000, 0x00000007a0b80000, 0x00000007c0000000)
  eden space 171520K, 0% used [0x0000000795580000,0x0000000795580000,0x000000079fd00000)
  from space 2560K, 27% used [0x000000079ff00000,0x000000079ffae070,0x00000007a0180000)
  to   space 2048K, 0% used [0x000000079fd00000,0x000000079fd00000,0x000000079ff00000)
 ParOldGen       total 149504K, used 107372K [0x0000000740000000, 0x0000000749200000, 0x0000000795580000)
  object space 149504K, 71% used [0x0000000740000000,0x00000007468db3e0,0x0000000749200000)
 Metaspace       used 9467K, capacity 9656K, committed 9728K, reserved 1058816K
  class space    used 1120K, capacity 1214K, committed 1280K, reserved 1048576K
}
Event: 5.437 GC heap before
{Heap before GC invocations=12 (full 4):
 PSYoungGen      total 174080K, used 696K [0x0000000795580000, 0x00000007a0b80000, 0x00000007c0000000)
  eden space 171520K, 0% used [0x0000000795580000,0x0000000795580000,0x000000079fd00000)
  from space 2560K, 27% used [0x000000079ff00000,0x000000079ffae070,0x00000007a0180000)
  to   space 2048K, 0% used [0x000000079fd00000,0x000000079fd00000,0x000000079ff00000)
 ParOldGen       total 149504K, used 107372K [0x0000000740000000, 0x0000000749200000, 0x0000000795580000)
  object space 149504K, 71% used [0x0000000740000000,0x00000007468db3e0,0x0000000749200000)
 Metaspace       used 9467K, capacity 9656K, committed 9728K, reserved 1058816K
  class space    used 1120K, capacity 1214K, committed 1280K, reserved 1048576K
Event: 5.457 GC heap after
Heap after GC invocations=12 (full 4):
 PSYoungGen      total 174080K, used 0K [0x0000000795580000, 0x00000007a0b80000, 0x00000007c0000000)
  eden space 171520K, 0% used [0x0000000795580000,0x0000000795580000,0x000000079fd00000)
  from space 2560K, 0% used [0x000000079ff00000,0x000000079ff00000,0x00000007a0180000)
  to   space 2048K, 0% used [0x000000079fd00000,0x000000079fd00000,0x000000079ff00000)
 ParOldGen       total 166400K, used 32419K [0x0000000740000000, 0x000000074a280000, 0x0000000795580000)
  object space 166400K, 19% used [0x0000000740000000,0x0000000741fa8d98,0x000000074a280000)
 Metaspace       used 9467K, capacity 9656K, committed 9728K, reserved 1058816K
  class space    used 1120K, capacity 1214K, committed 1280K, reserved 1048576K
}

Deoptimization events (10 events):
Event: 3.936 Thread 0x00007fed6b007800 Uncommon trap: reason=unstable_if action=reinterpret pc=0x000000010991bd60 method=java.awt.image.DirectColorModel.getAlpha(I)I @ 4
Event: 3.936 Thread 0x00007fed6b007800 Uncommon trap: reason=class_check action=maybe_recompile pc=0x000000010991abcc method=java.awt.image.BufferedImage.getRGB(II)I @ 11
Event: 3.936 Thread 0x00007fed6b007800 Uncommon trap: reason=class_check action=maybe_recompile pc=0x000000010991abcc method=java.awt.image.BufferedImage.getRGB(II)I @ 11
Event: 4.350 Thread 0x00007fed6b007800 Uncommon trap: reason=unstable_if action=reinterpret pc=0x00000001098b6800 method=com.sun.media.imageio.plugins.tiff.TIFFDirectory.getTIFFField(I)Lcom/sun/media/imageio/plugins/tiff/TIFFField; @ 8
Event: 4.558 Thread 0x00007fed6b007800 Uncommon trap: reason=unstable_if action=reinterpret pc=0x000000010981235c method=java.lang.String.replace(CC)Ljava/lang/String; @ 26
Event: 4.639 Thread 0x00007fed6b007800 Uncommon trap: reason=unstable_if action=reinterpret pc=0x000000010982108c method=java.lang.String.indexOf([CII[CIII)I @ 3
Event: 4.643 Thread 0x00007fed6b007800 Uncommon trap: reason=unstable_if action=reinterpret pc=0x00000001098a9848 method=com.sun.media.imageio.plugins.tiff.TIFFDirectory.getTIFFField(I)Lcom/sun/media/imageio/plugins/tiff/TIFFField; @ 8
Event: 4.644 Thread 0x00007fed6b007800 Uncommon trap: reason=unstable_if action=reinterpret pc=0x00000001098ea0b0 method=sun.awt.image.ByteComponentRaster.verify()V @ 269
Event: 5.263 Thread 0x00007fed6b007800 Uncommon trap: reason=unstable_if action=reinterpret pc=0x000000010982e764 method=sun.nio.cs.UTF_8$Encoder.encode([CII[B)I @ 33
Event: 5.467 Thread 0x00007fed6b007800 Uncommon trap: reason=unstable_if action=reinterpret pc=0x0000000109a152e8 method=java.lang.Math.min(JJ)J @ 3

Internal exceptions (10 events):
Event: 3.145 Thread 0x00007fed6b007800 Exception <a 'java/security/PrivilegedActionException'> (0x0000000795975e40) thrown at [/Users/java_re/workspace/8-2-build-macosx-x86_64/jdk8u65/4987/hotspot/src/share/vm/prims/jvm.cpp, line 1386]
Event: 3.145 Thread 0x00007fed6b007800 Exception <a 'java/security/PrivilegedActionException'> (0x0000000795976c30) thrown at [/Users/java_re/workspace/8-2-build-macosx-x86_64/jdk8u65/4987/hotspot/src/share/vm/prims/jvm.cpp, line 1386]
Event: 3.145 Thread 0x00007fed6b007800 Exception <a 'java/security/PrivilegedActionException'> (0x0000000795976e40) thrown at [/Users/java_re/workspace/8-2-build-macosx-x86_64/jdk8u65/4987/hotspot/src/share/vm/prims/jvm.cpp, line 1386]
Event: 3.145 Thread 0x00007fed6b007800 Exception <a 'java/security/PrivilegedActionException'> (0x0000000795977b50) thrown at [/Users/java_re/workspace/8-2-build-macosx-x86_64/jdk8u65/4987/hotspot/src/share/vm/prims/jvm.cpp, line 1386]
Event: 3.145 Thread 0x00007fed6b007800 Exception <a 'java/security/PrivilegedActionException'> (0x0000000795977d60) thrown at [/Users/java_re/workspace/8-2-build-macosx-x86_64/jdk8u65/4987/hotspot/src/share/vm/prims/jvm.cpp, line 1386]
Event: 3.145 Thread 0x00007fed6b007800 Exception <a 'java/security/PrivilegedActionException'> (0x0000000795978b68) thrown at [/Users/java_re/workspace/8-2-build-macosx-x86_64/jdk8u65/4987/hotspot/src/share/vm/prims/jvm.cpp, line 1386]
Event: 3.145 Thread 0x00007fed6b007800 Exception <a 'java/security/PrivilegedActionException'> (0x0000000795978d78) thrown at [/Users/java_re/workspace/8-2-build-macosx-x86_64/jdk8u65/4987/hotspot/src/share/vm/prims/jvm.cpp, line 1386]
Event: 3.145 Thread 0x00007fed6b007800 Exception <a 'java/security/PrivilegedActionException'> (0x0000000795979b50) thrown at [/Users/java_re/workspace/8-2-build-macosx-x86_64/jdk8u65/4987/hotspot/src/share/vm/prims/jvm.cpp, line 1386]
Event: 3.145 Thread 0x00007fed6b007800 Exception <a 'java/security/PrivilegedActionException'> (0x0000000795979d60) thrown at [/Users/java_re/workspace/8-2-build-macosx-x86_64/jdk8u65/4987/hotspot/src/share/vm/prims/jvm.cpp, line 1386]
Event: 3.154 Thread 0x00007fed6b007800 Exception <a 'java/lang/NoClassDefFoundError': com/sun/medialib/codec/jiio/Util> (0x00000007959b2ec0) thrown at [/Users/java_re/workspace/8-2-build-macosx-x86_64/jdk8u65/4987/hotspot/src/share/vm/classfile/systemDictionary.cpp, line 199]

Events (10 events):
Event: 5.461 Executing VM operation: RevokeBias done
Event: 5.467 Thread 0x00007fed6b007800 Uncommon trap: trap_request=0xffffff65 fr.pc=0x0000000109a152e8
Event: 5.467 Thread 0x00007fed6b007800 DEOPT PACKING pc=0x0000000109a152e8 sp=0x00000001096892e0
Event: 5.467 Thread 0x00007fed6b007800 DEOPT UNPACKING pc=0x0000000109691229 sp=0x00000001096892a8 mode 2
Event: 5.511 loading class java/nio/DirectByteBuffer$Deallocator
Event: 5.511 loading class java/nio/DirectByteBuffer$Deallocator done
Event: 5.513 loading class java/lang/StrictMath
Event: 5.513 loading class java/lang/StrictMath done
Event: 5.513 loading class com/sun/jna/Native$Buffers
Event: 5.514 loading class com/sun/jna/Native$Buffers done


Dynamic libraries:
0x0000000001ec1000 	/System/Library/Frameworks/Cocoa.framework/Versions/A/Cocoa
0x0000000001ec1000 	/System/Library/Frameworks/Security.framework/Versions/A/Security
0x0000000001ec1000 	/System/Library/Frameworks/ApplicationServices.framework/Versions/A/ApplicationServices
0x0000000001ec1000 	/usr/lib/libz.1.dylib
0x0000000001ec1000 	/usr/lib/libSystem.B.dylib
0x0000000001ec1000 	/usr/lib/libobjc.A.dylib
0x0000000001ec1000 	/System/Library/Frameworks/CoreFoundation.framework/Versions/A/CoreFoundation
0x0000000001ec1000 	/System/Library/Frameworks/Foundation.framework/Versions/C/Foundation
0x0000000001ec1000 	/System/Library/Frameworks/AppKit.framework/Versions/C/AppKit
0x0000000001ec1000 	/System/Library/Frameworks/CoreData.framework/Versions/A/CoreData
0x0000000001ec1000 	/System/Library/PrivateFrameworks/RemoteViewServices.framework/Versions/A/RemoteViewServices
0x0000000001ec1000 	/System/Library/PrivateFrameworks/UIFoundation.framework/Versions/A/UIFoundation
0x0000000001ec1000 	/System/Library/Frameworks/IOSurface.framework/Versions/A/IOSurface
0x0000000001ec1000 	/System/Library/Frameworks/AudioToolbox.framework/Versions/A/AudioToolbox
0x0000000001ec1000 	/System/Library/Frameworks/AudioUnit.framework/Versions/A/AudioUnit
0x0000000001ec1000 	/System/Library/PrivateFrameworks/DataDetectorsCore.framework/Versions/A/DataDetectorsCore
0x0000000001ec1000 	/System/Library/PrivateFrameworks/DesktopServicesPriv.framework/Versions/A/DesktopServicesPriv
0x0000000001ec1000 	/System/Library/Frameworks/Carbon.framework/Versions/A/Frameworks/HIToolbox.framework/Versions/A/HIToolbox
0x0000000001ec1000 	/System/Library/Frameworks/QuartzCore.framework/Versions/A/QuartzCore
0x0000000001ec1000 	/System/Library/Frameworks/Carbon.framework/Versions/A/Frameworks/SpeechRecognition.framework/Versions/A/SpeechRecognition
0x0000000001ec1000 	/usr/lib/libauto.dylib
0x0000000001ec1000 	/usr/lib/libicucore.A.dylib
0x0000000001ec1000 	/usr/lib/libxml2.2.dylib
0x0000000001ec1000 	/System/Library/PrivateFrameworks/CoreUI.framework/Versions/A/CoreUI
0x0000000001ec1000 	/System/Library/Frameworks/CoreAudio.framework/Versions/A/CoreAudio
0x0000000001ec1000 	/System/Library/Frameworks/DiskArbitration.framework/Versions/A/DiskArbitration
0x0000000001ec1000 	/usr/lib/liblangid.dylib
0x0000000001ec1000 	/System/Library/PrivateFrameworks/MultitouchSupport.framework/Versions/A/MultitouchSupport
0x0000000001ec1000 	/System/Library/Frameworks/IOKit.framework/Versions/A/IOKit
0x0000000001ec1000 	/usr/lib/libDiagnosticMessagesClient.dylib
0x0000000001ec1000 	/System/Library/Frameworks/CoreServices.framework/Versions/A/CoreServices
0x0000000001ec1000 	/System/Library/PrivateFrameworks/PerformanceAnalysis.framework/Versions/A/PerformanceAnalysis
0x0000000001ec1000 	/System/Library/PrivateFrameworks/GenerationalStorage.framework/Versions/A/GenerationalStorage
0x0000000001ec1000 	/System/Library/Frameworks/OpenGL.framework/Versions/A/OpenGL
0x0000000001ec1000 	/System/Library/PrivateFrameworks/Sharing.framework/Versions/A/Sharing
0x0000000001ec1000 	/System/Library/Frameworks/CoreGraphics.framework/Versions/A/CoreGraphics
0x0000000001ec1000 	/System/Library/Frameworks/CoreText.framework/Versions/A/CoreText
0x0000000001ec1000 	/System/Library/Frameworks/ImageIO.framework/Versions/A/ImageIO
0x0000000001ec1000 	/usr/lib/libextension.dylib
0x0000000001ec1000 	/System/Library/PrivateFrameworks/Backup.framework/Versions/A/Backup
0x0000000001ec1000 	/usr/lib/libarchive.2.dylib
0x0000000001ec1000 	/System/Library/Frameworks/CFNetwork.framework/Versions/A/CFNetwork
0x0000000001ec1000 	/System/Library/Frameworks/SystemConfiguration.framework/Versions/A/SystemConfiguration
0x0000000001ec1000 	/usr/lib/libCRFSuite.dylib
0x0000000001ec1000 	/usr/lib/libc++.1.dylib
0x0000000001ec1000 	/usr/lib/libc++abi.dylib
0x0000000001ec1000 	/usr/lib/system/libcache.dylib
0x0000000001ec1000 	/usr/lib/system/libcommonCrypto.dylib
0x0000000001ec1000 	/usr/lib/system/libcompiler_rt.dylib
0x0000000001ec1000 	/usr/lib/system/libcopyfile.dylib
0x0000000001ec1000 	/usr/lib/system/libcorecrypto.dylib
0x0000000001ec1000 	/usr/lib/system/libdispatch.dylib
0x0000000001ec1000 	/usr/lib/system/libdyld.dylib
0x0000000001ec1000 	/usr/lib/system/libkeymgr.dylib
0x0000000001ec1000 	/usr/lib/system/liblaunch.dylib
0x0000000001ec1000 	/usr/lib/system/libmacho.dylib
0x0000000001ec1000 	/usr/lib/system/libquarantine.dylib
0x0000000001ec1000 	/usr/lib/system/libremovefile.dylib
0x0000000001ec1000 	/usr/lib/system/libsystem_asl.dylib
0x0000000001ec1000 	/usr/lib/system/libsystem_blocks.dylib
0x0000000001ec1000 	/usr/lib/system/libsystem_c.dylib
0x0000000001ec1000 	/usr/lib/system/libsystem_configuration.dylib
0x0000000001ec1000 	/usr/lib/system/libsystem_coreservices.dylib
0x0000000001ec1000 	/usr/lib/system/libsystem_coretls.dylib
0x0000000001ec1000 	/usr/lib/system/libsystem_dnssd.dylib
0x0000000001ec1000 	/usr/lib/system/libsystem_info.dylib
0x0000000001ec1000 	/usr/lib/system/libsystem_kernel.dylib
0x0000000001ec1000 	/usr/lib/system/libsystem_m.dylib
0x0000000001ec1000 	/usr/lib/system/libsystem_malloc.dylib
0x0000000001ec1000 	/usr/lib/system/libsystem_network.dylib
0x0000000001ec1000 	/usr/lib/system/libsystem_networkextension.dylib
0x0000000001ec1000 	/usr/lib/system/libsystem_notify.dylib
0x0000000001ec1000 	/usr/lib/system/libsystem_platform.dylib
0x0000000001ec1000 	/usr/lib/system/libsystem_pthread.dylib
0x0000000001ec1000 	/usr/lib/system/libsystem_sandbox.dylib
0x0000000001ec1000 	/usr/lib/system/libsystem_secinit.dylib
0x0000000001ec1000 	/usr/lib/system/libsystem_stats.dylib
0x0000000001ec1000 	/usr/lib/system/libsystem_trace.dylib
0x0000000001ec1000 	/usr/lib/system/libunc.dylib
0x0000000001ec1000 	/usr/lib/system/libunwind.dylib
0x0000000001ec1000 	/usr/lib/system/libxpc.dylib
0x0000000001ec1000 	/usr/lib/libbz2.1.0.dylib
0x0000000001ec1000 	/usr/lib/liblzma.5.dylib
0x0000000001ec1000 	/usr/lib/libbsm.0.dylib
0x0000000001ec1000 	/usr/lib/libsqlite3.dylib
0x0000000001ec1000 	/usr/lib/system/libkxld.dylib
0x0000000001ec1000 	/usr/lib/libxar.1.dylib
0x0000000001ec1000 	/usr/lib/libpam.2.dylib
0x0000000001ec1000 	/usr/lib/libOpenScriptingUtil.dylib
0x0000000001ec1000 	/System/Library/Frameworks/CoreServices.framework/Versions/A/Frameworks/FSEvents.framework/Versions/A/FSEvents
0x0000000001ec1000 	/System/Library/Frameworks/CoreServices.framework/Versions/A/Frameworks/CarbonCore.framework/Versions/A/CarbonCore
0x0000000001ec1000 	/System/Library/Frameworks/CoreServices.framework/Versions/A/Frameworks/Metadata.framework/Versions/A/Metadata
0x0000000001ec1000 	/System/Library/Frameworks/CoreServices.framework/Versions/A/Frameworks/OSServices.framework/Versions/A/OSServices
0x0000000001ec1000 	/System/Library/Frameworks/CoreServices.framework/Versions/A/Frameworks/SearchKit.framework/Versions/A/SearchKit
0x0000000001ec1000 	/System/Library/Frameworks/CoreServices.framework/Versions/A/Frameworks/AE.framework/Versions/A/AE
0x0000000001ec1000 	/System/Library/Frameworks/CoreServices.framework/Versions/A/Frameworks/LaunchServices.framework/Versions/A/LaunchServices
0x0000000001ec1000 	/System/Library/Frameworks/CoreServices.framework/Versions/A/Frameworks/DictionaryServices.framework/Versions/A/DictionaryServices
0x0000000001ec1000 	/System/Library/Frameworks/NetFS.framework/Versions/A/NetFS
0x0000000001ec1000 	/System/Library/PrivateFrameworks/NetAuth.framework/Versions/A/NetAuth
0x0000000001ec1000 	/System/Library/PrivateFrameworks/login.framework/Versions/A/Frameworks/loginsupport.framework/Versions/A/loginsupport
0x0000000001ec1000 	/System/Library/PrivateFrameworks/TCC.framework/Versions/A/TCC
0x0000000001ec1000 	/usr/lib/libmecabra.dylib
0x0000000001ec1000 	/System/Library/Frameworks/ApplicationServices.framework/Versions/A/Frameworks/ATS.framework/Versions/A/ATS
0x0000000001ec1000 	/System/Library/Frameworks/ApplicationServices.framework/Versions/A/Frameworks/ColorSync.framework/Versions/A/ColorSync
0x0000000001ec1000 	/System/Library/Frameworks/ApplicationServices.framework/Versions/A/Frameworks/HIServices.framework/Versions/A/HIServices
0x0000000001ec1000 	/System/Library/Frameworks/ApplicationServices.framework/Versions/A/Frameworks/LangAnalysis.framework/Versions/A/LangAnalysis
0x0000000001ec1000 	/System/Library/Frameworks/ApplicationServices.framework/Versions/A/Frameworks/PrintCore.framework/Versions/A/PrintCore
0x0000000001ec1000 	/System/Library/Frameworks/ApplicationServices.framework/Versions/A/Frameworks/QD.framework/Versions/A/QD
0x0000000001ec1000 	/System/Library/Frameworks/ApplicationServices.framework/Versions/A/Frameworks/SpeechSynthesis.framework/Versions/A/SpeechSynthesis
0x0000000001ec1000 	/System/Library/Frameworks/Accelerate.framework/Versions/A/Accelerate
0x0000000001ec1000 	/System/Library/Frameworks/Accelerate.framework/Versions/A/Frameworks/vImage.framework/Versions/A/vImage
0x0000000001ec1000 	/System/Library/Frameworks/Accelerate.framework/Versions/A/Frameworks/vecLib.framework/Versions/A/vecLib
0x0000000001ec1000 	/System/Library/Frameworks/Accelerate.framework/Versions/A/Frameworks/vecLib.framework/Versions/A/libvDSP.dylib
0x0000000001ec1000 	/System/Library/Frameworks/Accelerate.framework/Versions/A/Frameworks/vecLib.framework/Versions/A/libvMisc.dylib
0x0000000001ec1000 	/System/Library/Frameworks/Accelerate.framework/Versions/A/Frameworks/vecLib.framework/Versions/A/libLAPACK.dylib
0x0000000001ec1000 	/System/Library/Frameworks/Accelerate.framework/Versions/A/Frameworks/vecLib.framework/Versions/A/libBLAS.dylib
0x0000000001ec1000 	/System/Library/Frameworks/Accelerate.framework/Versions/A/Frameworks/vecLib.framework/Versions/A/libLinearAlgebra.dylib
0x0000000001ec1000 	/System/Library/Frameworks/ApplicationServices.framework/Versions/A/Frameworks/ATS.framework/Versions/A/Resources/libFontParser.dylib
0x0000000001ec1000 	/System/Library/Frameworks/ApplicationServices.framework/Versions/A/Frameworks/ATS.framework/Versions/A/Resources/libFontRegistry.dylib
0x0000000001ec1000 	/System/Library/PrivateFrameworks/AppleVPA.framework/Versions/A/AppleVPA
0x0000000001ec1000 	/System/Library/PrivateFrameworks/AppleJPEG.framework/Versions/A/AppleJPEG
0x0000000001ec1000 	/System/Library/Frameworks/ImageIO.framework/Versions/A/Resources/libJPEG.dylib
0x0000000001ec1000 	/System/Library/Frameworks/ImageIO.framework/Versions/A/Resources/libTIFF.dylib
0x0000000001ec1000 	/System/Library/Frameworks/ImageIO.framework/Versions/A/Resources/libPng.dylib
0x0000000001ec1000 	/System/Library/Frameworks/ImageIO.framework/Versions/A/Resources/libGIF.dylib
0x0000000001ec1000 	/System/Library/Frameworks/ImageIO.framework/Versions/A/Resources/libJP2.dylib
0x0000000001ec1000 	/System/Library/Frameworks/ImageIO.framework/Versions/A/Resources/libRadiance.dylib
0x0000000001ec1000 	/System/Library/Frameworks/CoreVideo.framework/Versions/A/CoreVideo
0x0000000001ec1000 	/System/Library/Frameworks/OpenGL.framework/Versions/A/Libraries/libGLU.dylib
0x0000000001ec1000 	/System/Library/Frameworks/OpenGL.framework/Versions/A/Libraries/libGFXShared.dylib
0x0000000001ec1000 	/System/Library/Frameworks/OpenGL.framework/Versions/A/Libraries/libGL.dylib
0x0000000001ec1000 	/System/Library/Frameworks/OpenGL.framework/Versions/A/Libraries/libGLImage.dylib
0x0000000001ec1000 	/System/Library/Frameworks/OpenGL.framework/Versions/A/Libraries/libCVMSPluginSupport.dylib
0x0000000001ec1000 	/System/Library/Frameworks/OpenGL.framework/Versions/A/Libraries/libCoreVMClient.dylib
0x0000000001ec1000 	/usr/lib/libcups.2.dylib
0x0000000001ec1000 	/System/Library/Frameworks/Kerberos.framework/Versions/A/Kerberos
0x0000000001ec1000 	/System/Library/Frameworks/GSS.framework/Versions/A/GSS
0x0000000001ec1000 	/usr/lib/libresolv.9.dylib
0x0000000001ec1000 	/usr/lib/libiconv.2.dylib
0x0000000001ec1000 	/System/Library/PrivateFrameworks/Heimdal.framework/Versions/A/Heimdal
0x0000000001ec1000 	/usr/lib/libheimdal-asn1.dylib
0x0000000001ec1000 	/System/Library/Frameworks/OpenDirectory.framework/Versions/A/OpenDirectory
0x0000000001ec1000 	/System/Library/PrivateFrameworks/CommonAuth.framework/Versions/A/CommonAuth
0x0000000001ec1000 	/System/Library/Frameworks/OpenDirectory.framework/Versions/A/Frameworks/CFOpenDirectory.framework/Versions/A/CFOpenDirectory
0x0000000001ec1000 	/System/Library/Frameworks/SecurityFoundation.framework/Versions/A/SecurityFoundation
0x0000000001ec1000 	/System/Library/PrivateFrameworks/LanguageModeling.framework/Versions/A/LanguageModeling
0x0000000001ec1000 	/usr/lib/libcmph.dylib
0x0000000001ec1000 	/System/Library/Frameworks/ServiceManagement.framework/Versions/A/ServiceManagement
0x0000000001ec1000 	/usr/lib/libxslt.1.dylib
0x0000000001ec1000 	/System/Library/Frameworks/Carbon.framework/Versions/A/Frameworks/Ink.framework/Versions/A/Ink
0x0000000001ec1000 	/System/Library/Frameworks/QuartzCore.framework/Versions/A/Frameworks/CoreImage.framework/Versions/A/CoreImage
0x0000000001ec1000 	/System/Library/PrivateFrameworks/CrashReporterSupport.framework/Versions/A/CrashReporterSupport
0x0000000001ec1000 	/System/Library/Frameworks/OpenCL.framework/Versions/A/OpenCL
0x0000000001ec1000 	/System/Library/PrivateFrameworks/FaceCore.framework/Versions/A/FaceCore
0x0000000001ec1000 	/System/Library/PrivateFrameworks/Ubiquity.framework/Versions/A/Ubiquity
0x0000000001ec1000 	/System/Library/PrivateFrameworks/IconServices.framework/Versions/A/IconServices
0x0000000001ec1000 	/System/Library/PrivateFrameworks/ChunkingLibrary.framework/Versions/A/ChunkingLibrary
0x0000000001ec1000 	/System/Library/PrivateFrameworks/Apple80211.framework/Versions/A/Apple80211
0x0000000001ec1000 	/System/Library/Frameworks/CoreWLAN.framework/Versions/A/CoreWLAN
0x0000000001ec1000 	/System/Library/Frameworks/IOBluetooth.framework/Versions/A/IOBluetooth
0x0000000001ec1000 	/System/Library/PrivateFrameworks/CoreWiFi.framework/Versions/A/CoreWiFi
0x0000000001ec1000 	/System/Library/Frameworks/CoreBluetooth.framework/Versions/A/CoreBluetooth
0x0000000001ec1000 	/System/Library/PrivateFrameworks/DebugSymbols.framework/Versions/A/DebugSymbols
0x0000000001ec1000 	/System/Library/PrivateFrameworks/CoreSymbolication.framework/Versions/A/CoreSymbolication
0x0000000001ec1000 	/System/Library/PrivateFrameworks/Symbolication.framework/Versions/A/Symbolication
0x0000000001ec1000 	/System/Library/PrivateFrameworks/SpeechRecognitionCore.framework/Versions/A/SpeechRecognitionCore
0x0000000108600000 	/Library/Java/JavaVirtualMachines/jdk1.8.0_65.jdk/Contents/Home/jre/lib/server/libjvm.dylib
0x0000000001ec1000 	/usr/lib/libstdc++.6.dylib
0x0000000107d6e000 	/Library/Java/JavaVirtualMachines/jdk1.8.0_65.jdk/Contents/Home/jre/lib/libverify.dylib
0x0000000107d7c000 	/Library/Java/JavaVirtualMachines/jdk1.8.0_65.jdk/Contents/Home/jre/lib/libjava.dylib
0x0000000107dbb000 	/Library/Java/JavaVirtualMachines/jdk1.8.0_65.jdk/Contents/Home/jre/lib/libzip.dylib
0x000000011f6db000 	/System/Library/Frameworks/JavaVM.framework/Frameworks/JavaRuntimeSupport.framework/JavaRuntimeSupport
0x000000011f6f1000 	/System/Library/Frameworks/JavaVM.framework/Versions/A/Frameworks/JavaNativeFoundation.framework/Versions/A/JavaNativeFoundation
0x0000000107ded000 	/System/Library/Frameworks/JavaVM.framework/Versions/A/JavaVM
0x0000000001ec1000 	/System/Library/Frameworks/Carbon.framework/Versions/A/Carbon
0x000000011f705000 	/System/Library/PrivateFrameworks/JavaLaunching.framework/Versions/A/JavaLaunching
0x0000000001ec1000 	/System/Library/Frameworks/Carbon.framework/Versions/A/Frameworks/CommonPanels.framework/Versions/A/CommonPanels
0x0000000001ec1000 	/System/Library/Frameworks/Carbon.framework/Versions/A/Frameworks/Help.framework/Versions/A/Help
0x0000000001ec1000 	/System/Library/Frameworks/Carbon.framework/Versions/A/Frameworks/ImageCapture.framework/Versions/A/ImageCapture
0x0000000001ec1000 	/System/Library/Frameworks/Carbon.framework/Versions/A/Frameworks/OpenScripting.framework/Versions/A/OpenScripting
0x0000000001ec1000 	/System/Library/Frameworks/Carbon.framework/Versions/A/Frameworks/Print.framework/Versions/A/Print
0x0000000001ec1000 	/System/Library/Frameworks/Carbon.framework/Versions/A/Frameworks/SecurityHI.framework/Versions/A/SecurityHI
0x00000001215fa000 	/Library/Java/JavaVirtualMachines/jdk1.8.0_65.jdk/Contents/Home/jre/lib/libawt.dylib
0x00000001216a2000 	/Library/Java/JavaVirtualMachines/jdk1.8.0_65.jdk/Contents/Home/jre/lib/./libmlib_image.dylib
0x000000012176e000 	/Library/Java/JavaVirtualMachines/jdk1.8.0_65.jdk/Contents/Home/jre/lib/libawt_lwawt.dylib
0x0000000121823000 	/Library/Java/JavaVirtualMachines/jdk1.8.0_65.jdk/Contents/Home/jre/lib/./libosxapp.dylib
0x0000000001ec1000 	/System/Library/Frameworks/ExceptionHandling.framework/Versions/A/ExceptionHandling
0x0000000001ec1000 	/System/Library/PrivateFrameworks/CoreServicesInternal.framework/Versions/A/CoreServicesInternal
0x0000000001ec1000 	/System/Library/PrivateFrameworks/CloudDocs.framework/Versions/A/CloudDocs
0x0000000001ec1000 	/System/Library/PrivateFrameworks/CoreDuet.framework/Versions/A/CoreDuet
0x0000000001ec1000 	/System/Library/Frameworks/CloudKit.framework/Versions/A/CloudKit
0x0000000001ec1000 	/System/Library/PrivateFrameworks/ProtocolBuffer.framework/Versions/A/ProtocolBuffer
0x0000000001ec1000 	/System/Library/PrivateFrameworks/CoreDuetDaemonProtocol.framework/Versions/A/CoreDuetDaemonProtocol
0x0000000001ec1000 	/System/Library/PrivateFrameworks/CoreDuetDebugLogging.framework/Versions/A/CoreDuetDebugLogging
0x0000000001ec1000 	/System/Library/PrivateFrameworks/MMCS.framework/Versions/A/MMCS
0x0000000001ec1000 	/System/Library/Frameworks/CoreLocation.framework/Versions/A/CoreLocation
0x0000000001ec1000 	/System/Library/PrivateFrameworks/ProtectedCloudStorage.framework/Versions/A/ProtectedCloudStorage
0x0000000001ec1000 	/System/Library/PrivateFrameworks/GeoServices.framework/Versions/A/GeoServices
0x0000000001ec1000 	/System/Library/Frameworks/CoreGraphics.framework/Versions/A/Resources/libCGCMS.A.dylib
0x0000000001ec1000 	/System/Library/Frameworks/CoreGraphics.framework/Versions/A/Resources/libRIP.A.dylib
0x0000000001ec1000 	/System/Library/Frameworks/CoreGraphics.framework/Versions/A/Resources/libCGXType.A.dylib
0x0000000001ec1000 	/System/Library/Frameworks/OpenCL.framework/Versions/A/Libraries/libcldcpuengine.dylib
0x0000000001ec1000 	/System/Library/PrivateFrameworks/DiskImages.framework/Versions/A/DiskImages
0x0000000001ec1000 	/System/Library/Frameworks/DiscRecording.framework/Versions/A/DiscRecording
0x0000000001ec1000 	/usr/lib/libcsfde.dylib
0x0000000001ec1000 	/usr/lib/libcurl.4.dylib
0x0000000001ec1000 	/System/Library/PrivateFrameworks/MediaKit.framework/Versions/A/MediaKit
0x0000000001ec1000 	/usr/lib/libCoreStorage.dylib
0x0000000001ec1000 	/System/Library/PrivateFrameworks/EFILogin.framework/Versions/A/EFILogin
0x0000000001ec1000 	/usr/lib/libutil.dylib
0x0000000001ec1000 	/System/Library/PrivateFrameworks/FindMyDevice.framework/Versions/A/FindMyDevice
0x0000000001ec1000 	/System/Library/Frameworks/LDAP.framework/Versions/A/LDAP
0x0000000001ec1000 	/usr/lib/libsasl2.2.dylib
0x0000000001ec1000 	/System/Library/PrivateFrameworks/CoreDaemon.framework/Versions/B/CoreDaemon
0x0000000001ec1000 	/usr/lib/libcrypto.0.9.8.dylib
0x0000000001ec1000 	/System/Library/PrivateFrameworks/AppleSRP.framework/Versions/A/AppleSRP
0x0000000001ec1000 	/System/Library/PrivateFrameworks/TrustEvaluationAgent.framework/Versions/A/TrustEvaluationAgent
0x000000012462c000 	cl_kernels
0x000000012462e000 	/System/Library/Frameworks/OpenCL.framework/Versions/A/Libraries/ImageFormats/unorm8_bgra.dylib
0x000000012461d000 	cl_kernels
0x0000000001ec1000 	/System/Library/PrivateFrameworks/FamilyControls.framework/Versions/A/FamilyControls
0x0000000001ec1000 	/System/Library/PrivateFrameworks/CommerceKit.framework/Versions/A/Frameworks/CommerceCore.framework/Versions/A/CommerceCore
0x0000000001ec1000 	/System/Library/PrivateFrameworks/SystemAdministration.framework/Versions/A/SystemAdministration
0x0000000001ec1000 	/System/Library/PrivateFrameworks/AppContainer.framework/Versions/A/AppContainer
0x0000000001ec1000 	/System/Library/PrivateFrameworks/SecCodeWrapper.framework/Versions/A/SecCodeWrapper
0x0000000001ec1000 	/System/Library/Frameworks/DirectoryService.framework/Versions/A/DirectoryService
0x0000000001ec1000 	/System/Library/PrivateFrameworks/LoginUIKit.framework/Versions/A/Frameworks/LoginUICore.framework/Versions/A/LoginUICore
0x0000000001ec1000 	/usr/lib/libodfde.dylib
0x0000000001ec1000 	/System/Library/Frameworks/Accelerate.framework/Versions/A/Frameworks/vImage.framework/Versions/A/Libraries/libCGInterfaces.dylib
0x0000000125f0c000 	/Library/Java/JavaVirtualMachines/jdk1.8.0_65.jdk/Contents/Home/jre/lib/libfontmanager.dylib
0x0000000001ec1000 	/System/Library/Frameworks/OpenGL.framework/Versions/A/Resources/GLEngine.bundle/GLEngine
0x0000000001ec1000 	/System/Library/Frameworks/OpenGL.framework/Versions/A/Libraries/libGLProgrammability.dylib
0x000000012609c000 	/System/Library/Extensions/AppleIntelHD5000GraphicsGLDriver.bundle/Contents/MacOS/AppleIntelHD5000GraphicsGLDriver
0x0000000001ec1000 	/System/Library/PrivateFrameworks/IOAccelerator.framework/Versions/A/IOAccelerator
0x0000000001ec1000 	/System/Library/PrivateFrameworks/GPUSupport.framework/Versions/A/Libraries/libGPUSupportMercury.dylib
0x0000000001ec1000 	/System/Library/Frameworks/OpenGL.framework/Versions/A/Resources/GLRendererFloat.bundle/GLRendererFloat
0x0000000125f73000 	/private/var/folders/nq/p4zw8rm51_5dsxh883p3f8600000gn/T/jna--1988604283/jna8626451835864809282.tmp
0x000000012768a000 	/usr/local/lib/libtesseract.dylib
0x0000000127ca8000 	/usr/local/lib/liblept.4.dylib
0x0000000126fa3000 	/usr/local/lib/libpng16.16.dylib
0x0000000126fcf000 	/usr/local/lib/libjpeg.8.dylib
0x0000000127e7c000 	/usr/local/lib/libtiff.5.dylib
0x0000000125f88000 	/Library/Java/JavaVirtualMachines/jdk1.8.0_65.jdk/Contents/Home/jre/lib/libnio.dylib
0x0000000127002000 	/Library/Java/JavaVirtualMachines/jdk1.8.0_65.jdk/Contents/Home/jre/lib/./libnet.dylib

VM Arguments:
jvm_args: -Dfile.encoding=UTF-8 
java_command: ColorPalette
java_class_path (initial): /Users/veronica/Documents/ColorPalette/bin:/Users/veronica/Downloads/Tess4J/dist/tess4j.jar:/Users/veronica/Downloads/jna-4.1.0.jar:/Users/veronica/Downloads/jai_imageio-1.1.jar:/Users/veronica/Downloads/commons-io-2.4/commons-io-2.4.jar:/Users/veronica/Downloads/jsoup-1.8.3.jar
Launcher Type: SUN_STANDARD

Environment Variables:
PATH=/usr/bin:/bin:/usr/sbin:/sbin
SHELL=/bin/bash
DISPLAY=/private/tmp/com.apple.launchd.gHu6kCn3RP/org.macosforge.xquartz:0

Signal Handlers:
SIGSEGV: [libjvm.dylib+0x5a6d31], sa_mask[0]=11111111011111110111111111111111, sa_flags=SA_ONSTACK|SA_RESTART|SA_SIGINFO
SIGBUS: [libjvm.dylib+0x5a6d31], sa_mask[0]=11111111011111110111111111111111, sa_flags=SA_RESTART|SA_SIGINFO
SIGFPE: [libjvm.dylib+0x480a40], sa_mask[0]=11111111011111110111111111111111, sa_flags=SA_RESTART|SA_SIGINFO
SIGPIPE: [libjvm.dylib+0x480a40], sa_mask[0]=11111111011111110111111111111111, sa_flags=SA_RESTART|SA_SIGINFO
SIGXFSZ: [libjvm.dylib+0x480a40], sa_mask[0]=11111111011111110111111111111111, sa_flags=SA_RESTART|SA_SIGINFO
SIGILL: [libjvm.dylib+0x480a40], sa_mask[0]=11111111011111110111111111111111, sa_flags=SA_RESTART|SA_SIGINFO
SIGUSR1: SIG_DFL, sa_mask[0]=00000000000000000000000000000000, sa_flags=none
SIGUSR2: [libjvm.dylib+0x48055e], sa_mask[0]=00100000000000000000000000000000, sa_flags=SA_RESTART|SA_SIGINFO
SIGHUP: [libjvm.dylib+0x47eb35], sa_mask[0]=11111111011111110111111111111111, sa_flags=SA_RESTART|SA_SIGINFO
SIGINT: [libjvm.dylib+0x47eb35], sa_mask[0]=11111111011111110111111111111111, sa_flags=SA_RESTART|SA_SIGINFO
SIGTERM: [libjvm.dylib+0x47eb35], sa_mask[0]=11111111011111110111111111111111, sa_flags=SA_RESTART|SA_SIGINFO
SIGQUIT: [libjvm.dylib+0x47eb35], sa_mask[0]=11111111011111110111111111111111, sa_flags=SA_RESTART|SA_SIGINFO


---------------  S Y S T E M  ---------------

OS:Bsduname:Darwin 14.5.0 Darwin Kernel Version 14.5.0: Wed Jul 29 02:26:53 PDT 2015; root:xnu-2782.40.9~1/RELEASE_X86_64 x86_64
rlimit: STACK 8192k, CORE 0k, NPROC 709, NOFILE 10240, AS infinity
load average:1.98 2.03 1.96

CPU:total 4 (2 cores per cpu, 2 threads per core) family 6 model 69 stepping 1, cmov, cx8, fxsr, mmx, sse, sse2, sse3, ssse3, sse4.1, sse4.2, popcnt, avx, avx2, aes, clmul, erms, lzcnt, ht, tsc, tscinvbit, bmi1, bmi2

Memory: 4k page, physical 8388608k(22780k free)

/proc/meminfo:


vm_info: Java HotSpot(TM) 64-Bit Server VM (25.65-b01) for bsd-amd64 JRE (1.8.0_65-b17), built on Oct  6 2015 15:36:46 by "java_re" with gcc 4.2.1 (Based on Apple Inc. build 5658) (LLVM build 2336.11.00)

time: Mon Jan 25 10:24:44 2016
elapsed time: 5 seconds (0d 0h 0m 5s)

